Seed: 7317361
iteration	containerSize	evals	nbUpdated	avg  	std 	min  	max  	elapsed
0        	1/512        	10000	7        	[55.]	[0.]	[55.]	[55.]	258.371
1        	41/512       	10000	57       	[52.80487805]	[8.15765244]	[41.]	[91.]	268.546
2        	486/512      	10000	1085     	[57.74279835]	[7.08107804]	[31.]	[91.]	300.211
3        	512/512      	10000	473      	[62.40234375]	[6.74321377]	[43.]	[98.]	310.822
4        	512/512      	10000	292      	[65.83984375]	[7.03407821]	[50.]	[98.]	314.253
5        	512/512      	10000	211      	[68.42382812]	[7.20636509]	[52.]	[98.]	312.167
6        	512/512      	10000	188      	[70.83984375]	[7.4481105] 	[52.]	[98.]	314.812
7        	512/512      	10000	160      	[72.95507812]	[7.27420083]	[56.]	[100.]	313.258
8        	512/512      	10000	135      	[74.40429688]	[7.25744641]	[58.]	[100.]	312.579
9        	512/512      	10000	116      	[75.9453125] 	[7.37559171]	[59.]	[101.]	310.319
10       	512/512      	10000	113      	[77.13476562]	[7.20564302]	[60.]	[101.]	308.731
11       	512/512      	10000	84       	[78.0625]    	[6.93806304]	[60.]	[101.]	309.771
12       	512/512      	10000	79       	[79.07421875]	[6.73336777]	[63.]	[101.]	309.303
13       	512/512      	10000	77       	[80.02929688]	[6.5887215] 	[64.]	[101.]	309.448
14       	512/512      	10000	66       	[80.703125]  	[6.49472066]	[64.]	[101.]	309.871
15       	512/512      	10000	51       	[81.234375]  	[6.37406167]	[64.]	[101.]	307.759
16       	512/512      	10000	54       	[81.85546875]	[6.25114125]	[65.]	[101.]	309.311
17       	512/512      	10000	66       	[82.43164062]	[6.10289497]	[66.]	[101.]	309.598
18       	512/512      	10000	38       	[82.796875]  	[5.99753774]	[67.]	[103.]	310.903
19       	512/512      	10000	40       	[83.20507812]	[6.03432027]	[67.]	[105.]	309.084
20       	512/512      	10000	30       	[83.50195312]	[6.08212]   	[67.]	[105.]	310.178
21       	512/512      	10000	41       	[83.99414062]	[6.10023412]	[67.]	[109.]	311.5  
22       	512/512      	10000	34       	[84.25195312]	[5.89996326]	[68.]	[109.]	312.803
23       	512/512      	10000	42       	[84.61328125]	[5.93576121]	[68.]	[111.]	313.62 
24       	512/512      	10000	28       	[84.93554688]	[5.83377709]	[68.]	[111.]	314.185
25       	512/512      	10000	25       	[85.18164062]	[5.72175594]	[68.]	[111.]	314.079
26       	512/512      	10000	24       	[85.3984375] 	[5.76470923]	[68.]	[111.]	314.968
27       	512/512      	10000	29       	[85.61523438]	[5.73217365]	[68.]	[111.]	314.394
28       	512/512      	10000	37       	[85.92578125]	[5.78204043]	[68.]	[111.]	313.934
29       	512/512      	10000	30       	[86.2421875] 	[5.77203129]	[68.]	[111.]	315.686
30       	512/512      	10000	28       	[86.44921875]	[5.76910543]	[68.]	[111.]	314.81 
31       	512/512      	10000	25       	[86.64648438]	[5.75051181]	[68.]	[111.]	314.818
32       	512/512      	10000	29       	[86.89257812]	[5.68184674]	[71.]	[111.]	314.713
33       	512/512      	10000	35       	[87.21679688]	[5.62134179]	[73.]	[111.]	313.834
34       	512/512      	10000	21       	[87.41992188]	[5.61678511]	[73.]	[111.]	313.401
35       	512/512      	10000	31       	[87.70117188]	[5.61723062]	[73.]	[111.]	314.921
36       	512/512      	10000	20       	[87.9375]    	[5.58352767]	[73.]	[111.]	316.257
37       	512/512      	10000	19       	[88.15625]   	[5.64640026]	[74.]	[115.]	315.813
38       	512/512      	10000	24       	[88.43359375]	[5.59222084]	[75.]	[115.]	314.379
39       	512/512      	10000	19       	[88.5703125] 	[5.54341331]	[75.]	[115.]	318.931
40       	512/512      	10000	20       	[88.6953125] 	[5.53089136]	[75.]	[115.]	317.879
41       	512/512      	10000	16       	[88.83984375]	[5.5411929] 	[75.]	[115.]	317.784
42       	512/512      	10000	19       	[89.05078125]	[5.51005467]	[75.]	[115.]	316.526
43       	512/512      	10000	28       	[89.27148438]	[5.51228452]	[75.]	[115.]	316.625
44       	512/512      	10000	12       	[89.34375]   	[5.51551434]	[75.]	[115.]	317.797
45       	512/512      	10000	12       	[89.44140625]	[5.48439587]	[75.]	[115.]	318.43 
46       	512/512      	10000	24       	[89.6484375] 	[5.49017566]	[75.]	[115.]	318.921
47       	512/512      	10000	15       	[89.7734375] 	[5.43852698]	[75.]	[115.]	319.238
48       	512/512      	10000	16       	[89.88085938]	[5.42594541]	[76.]	[115.]	319.166
49       	512/512      	10000	15       	[90.00195312]	[5.4477271] 	[76.]	[115.]	319.188
50       	512/512      	10000	16       	[90.11914062]	[5.44427244]	[76.]	[115.]	318.915
51       	512/512      	10000	13       	[90.22070312]	[5.47259874]	[76.]	[115.]	318.078
52       	512/512      	10000	16       	[90.375]     	[5.47722558]	[77.]	[115.]	318.027
53       	512/512      	10000	19       	[90.5390625] 	[5.50624978]	[77.]	[115.]	319.002
54       	512/512      	10000	15       	[90.6640625] 	[5.52236553]	[77.]	[115.]	318.418
55       	512/512      	10000	14       	[90.73828125]	[5.52673362]	[77.]	[115.]	318.847
56       	512/512      	10000	12       	[90.8515625] 	[5.52316124]	[77.]	[115.]	317.903
57       	512/512      	10000	7        	[90.91796875]	[5.54677459]	[77.]	[115.]	318.865
58       	512/512      	10000	18       	[91.08398438]	[5.50947137]	[77.]	[115.]	318.947
59       	512/512      	10000	8        	[91.16796875]	[5.49672393]	[77.]	[115.]	319.987
60       	512/512      	10000	22       	[91.38671875]	[5.50060893]	[77.]	[115.]	319.669
61       	512/512      	10000	14       	[91.5390625] 	[5.56376719]	[77.]	[115.]	320.264
62       	512/512      	10000	14       	[91.671875]  	[5.62376288]	[77.]	[115.]	320.468
63       	512/512      	10000	17       	[91.82226562]	[5.60880066]	[77.]	[115.]	320.44 
64       	512/512      	10000	15       	[91.96679688]	[5.59757822]	[77.]	[115.]	320.571
65       	512/512      	10000	11       	[92.06835938]	[5.57453183]	[77.]	[115.]	320.345
66       	512/512      	10000	24       	[92.31835938]	[5.65911658]	[77.]	[115.]	322.278
67       	512/512      	10000	7        	[92.375]     	[5.66444503]	[77.]	[115.]	321.314
68       	512/512      	10000	14       	[92.47851562]	[5.64782931]	[77.]	[115.]	320.648
69       	512/512      	10000	10       	[92.60546875]	[5.74835314]	[77.]	[118.]	321.024
70       	512/512      	10000	11       	[92.67578125]	[5.73540602]	[77.]	[118.]	320.71 
71       	512/512      	10000	10       	[92.7421875] 	[5.70361192]	[77.]	[118.]	322.434
72       	512/512      	10000	10       	[92.81445312]	[5.71035467]	[77.]	[118.]	323.006
73       	512/512      	10000	9        	[92.94726562]	[5.84058674]	[77.]	[120.]	321.777
74       	512/512      	10000	10       	[93.02539062]	[5.80958763]	[77.]	[120.]	320.902
75       	512/512      	10000	15       	[93.11328125]	[5.79591547]	[77.]	[120.]	322.617
76       	512/512      	10000	7        	[93.17382812]	[5.80199476]	[77.]	[120.]	322.609
77       	512/512      	10000	9        	[93.24609375]	[5.79718954]	[77.]	[120.]	321.043
78       	512/512      	10000	14       	[93.34960938]	[5.7677071] 	[77.]	[120.]	322.209
79       	512/512      	10000	9        	[93.47265625]	[5.88158162]	[77.]	[120.]	322.897
80       	512/512      	10000	10       	[93.54296875]	[5.8668585] 	[77.]	[120.]	323.164
81       	512/512      	10000	7        	[93.63085938]	[5.90504823]	[77.]	[120.]	322.529
82       	512/512      	10000	14       	[93.74023438]	[5.91219132]	[77.]	[120.]	323.409
83       	512/512      	10000	12       	[93.8203125] 	[5.91698244]	[77.]	[120.]	323.548
84       	512/512      	10000	16       	[93.89257812]	[5.87684343]	[77.]	[120.]	322.729
85       	512/512      	10000	8        	[94.0078125] 	[5.90616216]	[77.]	[120.]	324.211
86       	512/512      	10000	13       	[94.11523438]	[5.9749152] 	[77.]	[120.]	322.621
87       	512/512      	10000	8        	[94.24804688]	[6.05500472]	[77.]	[120.]	324.709
88       	512/512      	10000	15       	[94.4765625] 	[6.07468472]	[81.]	[120.]	324.142
89       	512/512      	10000	11       	[94.61132812]	[6.16309174]	[81.]	[120.]	324.774
90       	512/512      	10000	13       	[94.76757812]	[6.11212643]	[81.]	[120.]	323.643
91       	512/512      	10000	10       	[94.94140625]	[6.14890777]	[82.]	[120.]	326.732
92       	512/512      	10000	12       	[95.11132812]	[6.21531851]	[82.]	[120.]	325.511
93       	512/512      	10000	12       	[95.2109375] 	[6.24925289]	[82.]	[120.]	327.231
94       	512/512      	10000	10       	[95.35742188]	[6.2468104] 	[82.]	[120.]	327.08 
95       	512/512      	10000	12       	[95.4375]    	[6.23748747]	[82.]	[120.]	325.947
96       	512/512      	10000	8        	[95.52539062]	[6.21202053]	[82.]	[120.]	324.41 
97       	512/512      	10000	10       	[95.62695312]	[6.19440083]	[82.]	[120.]	325.522
98       	512/512      	10000	7        	[95.7421875] 	[6.24968261]	[82.]	[120.]	326.345
99       	512/512      	10000	15       	[95.88085938]	[6.25651729]	[82.]	[120.]	326.477
100      	512/512      	10000	18       	[96.078125]  	[6.2329259] 	[82.]	[120.]	327.559
Total elapsed: 32014.826636479236

Summary Grid:
  activity_per_bin: [[[[[[[[[18. 16.]         [18. 10.]]         [[ 8.  8.]         [12.  9.]]]         [[[13.  7.]         [ 9. 11.]]         [[14. 12.]         [11. 10.]]]]         [[[[11. 17.]         [10.  7.]]         [[10.  9.]         [10.  8.]]]         [[[ ...
  best: Key: 4069 Fitness: (120.0,) Nodes: 	0 SwitchNodeGene(key=0, bias=0.3349365062676254, activation=identity, aggregation=sum, is_switch=False) 	16273 SwitchNodeGene(key=16273, bias=1.4048926416532084, activation=identity, aggregation=sum, is_switch ...
  best_features: [0, 0, 0, 0, 0, 0, 0, 0, 0]
  best_fitness: (120.0,)
  best_index: (0, 0, 0, 0, 0, 0, 0, 0, 0)
  capacity: 512
  depot: None
  discard_random_on_bin_overload: False
  features: {(0, 0, 0, 0, 0, 0, 0, 0, 0): [[0, 0, 0, 0, 0, 0, 0, 0, 0]], (0, 0, 0, 0, 0, 0, 0, 0, 1): [[0, 0, 0, 0, 0, 0, 0, 0, 1]], (0, 0, 0, 0, 0, 0, 0, 1, 0): [[0, 0, 0, 0, 0, 0, 0, 1, 0]], (0, 0, 0, 0, 0, 0, 0, 1, 1): [[0, 0, 0, 0, 0, 0, 0, 1, 1]], (0,  ...
  features_domain: [(0.0, 1.0), (0.0, 1.0), (0.0, 1.0), (0.0, 1.0), (0.0, 1.0), (0.0, 1.0), (0.0, 1.0), (0.0, 1.0), (0.0, 1.0)]
  features_extrema: ((0, 1), (0, 1), (0, 1), (0, 1), (0, 1), (0, 1), (0, 1), (0, 1), (0, 1))
  filled_bins: 512
  fitness: {(0, 0, 0, 0, 0, 0, 0, 0, 0): [deap.creator.FitnessMax((120.0,))], (0, 0, 0, 0, 0, 0, 0, 0, 1): [deap.creator.FitnessMax((107.0,))], (0, 0, 0, 0, 0, 0, 0, 1, 0): [deap.creator.FitnessMax((100.0,))], (0, 0, 0, 0, 0, 0, 0, 1, 1): [deap.creator.Fit ...
  fitness_domain: [(0.0, 200.0)]
  fitness_extrema: ((82.0, 120.0),)
  free: 0
  history_recentness_per_bin: {(0, 0, 0, 0, 0, 0, 0, 0, 0): [1, 2, 3, 4, 5, 6, 7, 9, 29, 32, 1565, 2365, 2705, 3341, 3513, 4373, 4421, 4458], (0, 0, 0, 0, 0, 0, 0, 0, 1): [423, 512, 618, 893, 901, 1544, 2117, 2369, 2512, 2999, 3013, 3632, 3889, 4370, 4394, 4742], (0, 0, 0, 0 ...
  items: [<deap.creator.Individual object at 0x7f2b9ee16670>, <deap.creator.Individual object at 0x7f2b9d39beb0>, <deap.creator.Individual object at 0x7f2b9eddf3d0>, <deap.creator.Individual object at 0x7f2bacdd7070>, <deap.creator.Individual object at 0 ...
  max_items_per_bin: 1
  name: Grid-139827609739120
  nb_added: 4771
  nb_discarded: 4259
  nb_items_per_bin: [[[[[[[[[1. 1.]         [1. 1.]]         [[1. 1.]         [1. 1.]]]         [[[1. 1.]         [1. 1.]]         [[1. 1.]         [1. 1.]]]]         [[[[1. 1.]         [1. 1.]]         [[1. 1.]         [1. 1.]]]         [[[1. 1.]         [1. 1.]]  ...
  nb_operations: 9030
  nb_rejected: 0
  quality: {(0, 0, 0, 0, 0, 0, 0, 0, 0): deap.creator.FitnessMax((120.0,)), (0, 0, 0, 0, 0, 0, 0, 0, 1): deap.creator.FitnessMax((107.0,)), (0, 0, 0, 0, 0, 0, 0, 1, 0): deap.creator.FitnessMax((100.0,)), (0, 0, 0, 0, 0, 0, 0, 1, 1): deap.creator.FitnessMax ...
  quality_array: [[[[[[[[[[120.]          [107.]]          [[100.]          [104.]]]          [[[100.]          [112.]]          [[106.]          [ 98.]]]]          [[[[ 91.]          [108.]]          [[ 94.]          [ 90.]]]          [[[103.]          [ 99.]]  ...
  recentness: [2517, 2589, 2633, 2703, 2915, 2927, 2971, 3005, 3011, 3103, 3107, 3164, 3193, 3210, 3236, 3244, 3262, 3294, 3295, 3303, 3319, 3375, 3381, 3400, 3404, 3405, 3418, 3424, 3459, 3472, 3480, 3500, 3507, 3539, 3561, 3563, 3584, 3589, 3596, 3613, 3614 ...
  recentness_per_bin: {(0, 0, 0, 0, 0, 0, 0, 0, 0): [4458], (0, 0, 0, 0, 0, 0, 0, 0, 1): [4742], (0, 0, 0, 0, 0, 0, 0, 1, 0): [4641], (0, 0, 0, 0, 0, 0, 0, 1, 1): [4345], (0, 0, 0, 0, 0, 0, 1, 0, 0): [4625], (0, 0, 0, 0, 0, 0, 1, 0, 1): [4425], (0, 0, 0, 0, 0, 0, 1,  ...
  shape: (2, 2, 2, 2, 2, 2, 2, 2, 2)
  size: 512
  solutions: {(0, 0, 0, 0, 0, 0, 0, 0, 0): [<deap.creator.Individual object at 0x7f2b9cc0c760>], (0, 0, 0, 0, 0, 0, 0, 0, 1): [<deap.creator.Individual object at 0x7f2bad2496d0>], (0, 0, 0, 0, 0, 0, 0, 1, 0): [<deap.creator.Individual object at 0x7f2badc8691 ...
Best ever fitness:  (120.0,)
Best ever ind:  Key: 4069
Fitness: (120.0,)
Nodes:
	0 SwitchNodeGene(key=0, bias=0.3349365062676254, activation=identity, aggregation=sum, is_switch=False)
	16273 SwitchNodeGene(key=16273, bias=1.4048926416532084, activation=identity, aggregation=sum, is_switch=False)
	16274 SwitchNodeGene(key=16274, bias=-0.34913017940057084, activation=identity, aggregation=sum, is_switch=False)
	16275 SwitchNodeGene(key=16275, bias=1.8429675368436527, activation=tanh, aggregation=sum, is_switch=False)
	16276 SwitchNodeGene(key=16276, bias=1.2669031190930493, activation=identity, aggregation=sum, is_switch=True)
	47389 SwitchNodeGene(key=47389, bias=2.5080714350025515, activation=tanh, aggregation=sum, is_switch=False)
	49356 SwitchNodeGene(key=49356, bias=1.8379479199803972, activation=sigmoid, aggregation=sum, is_switch=False)
Connections:
	SwitchConnectionGene(key=(-5, 16273), weight=-0.8961878830307475, is_mod=True, enabled=True)
	SwitchConnectionGene(key=(-5, 16274), weight=-1.1688721268486975, is_mod=False, enabled=True)
	SwitchConnectionGene(key=(-5, 16275), weight=-1.241665687288467, is_mod=True, enabled=True)
	SwitchConnectionGene(key=(-5, 16276), weight=-0.9502171729870642, is_mod=True, enabled=True)
	SwitchConnectionGene(key=(-4, 16273), weight=-2.472238794872944, is_mod=True, enabled=False)
	SwitchConnectionGene(key=(-4, 16274), weight=0.6807571623974623, is_mod=False, enabled=True)
	SwitchConnectionGene(key=(-4, 16275), weight=1.6641613721098425, is_mod=False, enabled=True)
	SwitchConnectionGene(key=(-4, 16276), weight=-0.7269553991580845, is_mod=False, enabled=True)
	SwitchConnectionGene(key=(-3, 16273), weight=-0.27335991736658716, is_mod=True, enabled=True)
	SwitchConnectionGene(key=(-3, 16274), weight=0.40576082893950816, is_mod=False, enabled=True)
	SwitchConnectionGene(key=(-3, 16275), weight=-0.4184044029768762, is_mod=True, enabled=True)
	SwitchConnectionGene(key=(-3, 16276), weight=-1.1276748599261106, is_mod=True, enabled=True)
	SwitchConnectionGene(key=(-2, 16273), weight=1.5669775261673582, is_mod=False, enabled=False)
	SwitchConnectionGene(key=(-2, 16274), weight=2.2456261255536174, is_mod=False, enabled=True)
	SwitchConnectionGene(key=(-2, 16275), weight=-0.823418209452495, is_mod=False, enabled=True)
	SwitchConnectionGene(key=(-2, 16276), weight=0.3286956231136317, is_mod=False, enabled=True)
	SwitchConnectionGene(key=(-2, 47389), weight=0.8981059915789804, is_mod=False, enabled=True)
	SwitchConnectionGene(key=(-1, 16273), weight=1.8241882253925257, is_mod=False, enabled=True)
	SwitchConnectionGene(key=(-1, 16274), weight=2.9849940456258346, is_mod=True, enabled=True)
	SwitchConnectionGene(key=(-1, 16275), weight=-1.2170399812504087, is_mod=False, enabled=True)
	SwitchConnectionGene(key=(-1, 16276), weight=2.100082992553321, is_mod=False, enabled=True)
	SwitchConnectionGene(key=(-1, 47389), weight=-0.6719837152303689, is_mod=False, enabled=True)
	SwitchConnectionGene(key=(16273, 0), weight=-2.088900325809027, is_mod=False, enabled=True)
	SwitchConnectionGene(key=(16274, 0), weight=-0.6880480917723556, is_mod=False, enabled=True)
	SwitchConnectionGene(key=(16274, 47389), weight=-0.2023107684501784, is_mod=False, enabled=True)
	SwitchConnectionGene(key=(16275, 0), weight=0.7506740722439901, is_mod=True, enabled=True)
	SwitchConnectionGene(key=(16276, 0), weight=-0.48320397750790955, is_mod=True, enabled=True)
	SwitchConnectionGene(key=(47389, 16273), weight=-2.8037734130603926, is_mod=False, enabled=True)
	SwitchConnectionGene(key=(49356, 16273), weight=-0.0650978937208726, is_mod=False, enabled=True)
	SwitchConnectionGene(key=(49356, 47389), weight=-0.33862266271089164, is_mod=False, enabled=True)
