Seed: 11228697
iteration	containerSize	evals	nbUpdated	avg  	std 	min  	max  	elapsed
0        	1/512        	10000	6        	[55.]	[0.]	[55.]	[55.]	256.449
1        	24/512       	4000 	32       	[53.]	[11.24722188]	[37.]	[92.]	106.812
2        	379/512      	4000 	619      	[54.52242744]	[8.29797308] 	[19.]	[94.]	120.809
3        	490/512      	4000 	437      	[57.55714286]	[7.39455122] 	[19.]	[94.]	124.014
4        	511/512      	4000 	279      	[60.35812133]	[6.78715602] 	[42.]	[94.]	125.684
5        	512/512      	4000 	192      	[62.41210938]	[6.99526136] 	[46.]	[101.]	125.568
6        	512/512      	4000 	145      	[63.99023438]	[7.00571072] 	[48.]	[101.]	126.419
7        	512/512      	4000 	126      	[65.47070312]	[7.03056393] 	[51.]	[101.]	125.425
8        	512/512      	4000 	125      	[66.8984375] 	[6.97186292] 	[51.]	[102.]	125.704
9        	512/512      	4000 	94       	[68.08007812]	[7.18338426] 	[51.]	[102.]	126.005
10       	512/512      	4000 	84       	[69.125]     	[7.154817]   	[51.]	[102.]	126.162
11       	512/512      	4000 	83       	[69.984375]  	[7.41354796] 	[51.]	[103.]	125.5  
12       	512/512      	4000 	83       	[71.15039062]	[7.60003854] 	[56.]	[103.]	125.465
13       	512/512      	4000 	65       	[72.01367188]	[7.6687913]  	[56.]	[103.]	125.79 
14       	512/512      	4000 	68       	[72.88671875]	[7.61595643] 	[57.]	[103.]	125.31 
15       	512/512      	4000 	75       	[73.89453125]	[7.76489303] 	[57.]	[103.]	125.439
16       	512/512      	4000 	55       	[74.66796875]	[7.60519388] 	[58.]	[103.]	125.434
17       	512/512      	4000 	62       	[75.3984375] 	[7.60919452] 	[59.]	[103.]	124.249
18       	512/512      	4000 	52       	[76.02734375]	[7.47752063] 	[59.]	[103.]	123.052
19       	512/512      	4000 	57       	[76.61914062]	[7.46145465] 	[59.]	[103.]	123.791
20       	512/512      	4000 	58       	[77.24023438]	[7.41665292] 	[61.]	[103.]	123.258
21       	512/512      	4000 	63       	[77.9453125] 	[7.30160363] 	[61.]	[103.]	123.002
22       	512/512      	4000 	46       	[78.453125]  	[7.21717718] 	[61.]	[103.]	122.569
23       	512/512      	4000 	46       	[78.88476562]	[7.25272055] 	[63.]	[103.]	121.927
24       	512/512      	4000 	50       	[79.37304688]	[7.25885075] 	[63.]	[103.]	121.457
25       	512/512      	4000 	47       	[79.81445312]	[7.10679872] 	[63.]	[103.]	122.488
26       	512/512      	4000 	41       	[80.28515625]	[6.99418944] 	[63.]	[103.]	121.955
27       	512/512      	4000 	46       	[80.6875]    	[6.91437588] 	[65.]	[103.]	121.993
28       	512/512      	4000 	42       	[81.17382812]	[6.86242163] 	[65.]	[105.]	121.72 
29       	512/512      	4000 	28       	[81.421875]  	[6.84066354] 	[65.]	[105.]	122.73 
30       	512/512      	4000 	29       	[81.82617188]	[6.91910982] 	[65.]	[105.]	122.608
31       	512/512      	4000 	29       	[82.0703125] 	[6.83017614] 	[65.]	[105.]	122.224
32       	512/512      	4000 	36       	[82.4453125] 	[6.644204]   	[66.]	[105.]	122.041
33       	512/512      	4000 	29       	[82.71484375]	[6.54168831] 	[66.]	[105.]	121.837
34       	512/512      	4000 	29       	[83.01367188]	[6.61067205] 	[66.]	[105.]	121.933
35       	512/512      	4000 	26       	[83.36523438]	[6.63982733] 	[66.]	[105.]	122.129
36       	512/512      	4000 	27       	[83.71679688]	[6.64147944] 	[66.]	[105.]	123.188
37       	512/512      	4000 	21       	[83.96679688]	[6.64331718] 	[66.]	[105.]	122.192
38       	512/512      	4000 	20       	[84.18164062]	[6.71316736] 	[66.]	[109.]	121.796
39       	512/512      	4000 	8        	[84.2421875] 	[6.75520181] 	[66.]	[109.]	122.327
40       	512/512      	4000 	24       	[84.4921875] 	[6.74217845] 	[66.]	[111.]	122.295
41       	512/512      	4000 	21       	[84.65429688]	[6.66846159] 	[66.]	[111.]	121.61 
42       	512/512      	4000 	20       	[84.83007812]	[6.72452031] 	[66.]	[111.]	121.787
43       	512/512      	4000 	19       	[85.04101562]	[6.64297953] 	[66.]	[111.]	122.055
44       	512/512      	4000 	19       	[85.22851562]	[6.62975414] 	[66.]	[111.]	120.554
45       	512/512      	4000 	21       	[85.50976562]	[6.60136574] 	[66.]	[112.]	122.211
46       	512/512      	4000 	12       	[85.65820312]	[6.56178352] 	[66.]	[112.]	122.189
47       	512/512      	4000 	19       	[85.83007812]	[6.4705186]  	[68.]	[112.]	122.658
48       	512/512      	4000 	14       	[85.96679688]	[6.44454038] 	[68.]	[112.]	122.052
49       	512/512      	4000 	15       	[86.08398438]	[6.39784337] 	[70.]	[112.]	121.481
50       	512/512      	4000 	11       	[86.16015625]	[6.34134301] 	[70.]	[112.]	121.802
51       	512/512      	4000 	10       	[86.2890625] 	[6.2971997]  	[71.]	[112.]	121.635
52       	512/512      	4000 	18       	[86.45507812]	[6.27945665] 	[72.]	[112.]	121.59 
53       	512/512      	4000 	15       	[86.60742188]	[6.20138779] 	[72.]	[112.]	121.629
54       	512/512      	4000 	15       	[86.74804688]	[6.16734376] 	[72.]	[112.]	121.558
55       	512/512      	4000 	16       	[87.00390625]	[6.24186849] 	[72.]	[112.]	121.873
56       	512/512      	4000 	17       	[87.14453125]	[6.21887636] 	[72.]	[112.]	121.84 
57       	512/512      	4000 	16       	[87.265625]  	[6.20040873] 	[72.]	[112.]	122.332
58       	512/512      	4000 	14       	[87.41015625]	[6.17072651] 	[72.]	[112.]	122.056
59       	512/512      	4000 	17       	[87.58984375]	[6.14598878] 	[73.]	[113.]	121.689
60       	512/512      	4000 	16       	[87.7734375] 	[6.15834653] 	[73.]	[113.]	122.326
61       	512/512      	4000 	14       	[87.90429688]	[6.13174223] 	[73.]	[113.]	123.113
62       	512/512      	4000 	7        	[87.96484375]	[6.09292738] 	[73.]	[113.]	123.347
63       	512/512      	4000 	8        	[88.08398438]	[6.16336655] 	[73.]	[113.]	122.711
64       	512/512      	4000 	18       	[88.20703125]	[6.15491018] 	[73.]	[113.]	123.255
65       	512/512      	4000 	13       	[88.27929688]	[6.13026887] 	[73.]	[113.]	122.688
66       	512/512      	4000 	13       	[88.39257812]	[6.10873027] 	[74.]	[113.]	122.942
67       	512/512      	4000 	13       	[88.55859375]	[6.09595188] 	[74.]	[113.]	122.961
68       	512/512      	4000 	14       	[88.74414062]	[6.23615379] 	[74.]	[117.]	122.898
69       	512/512      	4000 	12       	[88.91992188]	[6.26119572] 	[74.]	[117.]	123.739
70       	512/512      	4000 	13       	[89.00976562]	[6.24139269] 	[74.]	[117.]	123.764
71       	512/512      	4000 	5        	[89.05273438]	[6.26803276] 	[74.]	[117.]	124.063
72       	512/512      	4000 	10       	[89.1171875] 	[6.27572343] 	[74.]	[117.]	123.892
73       	512/512      	4000 	10       	[89.19140625]	[6.24925655] 	[74.]	[117.]	125.03 
74       	512/512      	4000 	9        	[89.3046875] 	[6.26817182] 	[74.]	[117.]	124.445
75       	512/512      	4000 	12       	[89.39453125]	[6.27157288] 	[74.]	[117.]	125.29 
76       	512/512      	4000 	13       	[89.55859375]	[6.20487494] 	[74.]	[117.]	124.847
77       	512/512      	4000 	10       	[89.66601562]	[6.19568409] 	[74.]	[117.]	125.226
78       	512/512      	4000 	13       	[89.88476562]	[6.34154844] 	[74.]	[117.]	125.168
79       	512/512      	4000 	7        	[89.92382812]	[6.31930779] 	[74.]	[117.]	125.228
80       	512/512      	4000 	8        	[90.02734375]	[6.38106592] 	[74.]	[117.]	125.337
81       	512/512      	4000 	13       	[90.11328125]	[6.34112164] 	[74.]	[117.]	125.333
82       	512/512      	4000 	13       	[90.22851562]	[6.37595944] 	[74.]	[117.]	124.921
83       	512/512      	4000 	8        	[90.30078125]	[6.3473173]  	[74.]	[117.]	125.759
84       	512/512      	4000 	10       	[90.38476562]	[6.30649485] 	[74.]	[117.]	126.079
85       	512/512      	4000 	10       	[90.46289062]	[6.27919664] 	[74.]	[117.]	125.555
86       	512/512      	4000 	9        	[90.54882812]	[6.2329109]  	[74.]	[117.]	125.157
87       	512/512      	4000 	2        	[90.5703125] 	[6.27673481] 	[74.]	[117.]	126.009
88       	512/512      	4000 	6        	[90.63085938]	[6.28322923] 	[74.]	[117.]	125.307
89       	512/512      	4000 	7        	[90.70703125]	[6.25594322] 	[74.]	[117.]	125.56 
90       	512/512      	4000 	10       	[90.83398438]	[6.2560734]  	[74.]	[117.]	125.67 
91       	512/512      	4000 	11       	[90.93554688]	[6.28472743] 	[74.]	[117.]	125.317
92       	512/512      	4000 	10       	[91.00585938]	[6.27603677] 	[74.]	[117.]	125.452
93       	512/512      	4000 	16       	[91.11914062]	[6.22333883] 	[74.]	[117.]	125.101
94       	512/512      	4000 	13       	[91.26171875]	[6.28224956] 	[75.]	[117.]	125.692
95       	512/512      	4000 	9        	[91.37109375]	[6.25398189] 	[76.]	[117.]	125.507
96       	512/512      	4000 	9        	[91.46875]   	[6.25554442] 	[76.]	[117.]	125.597
97       	512/512      	4000 	10       	[91.59179688]	[6.20447255] 	[78.]	[117.]	125.993
98       	512/512      	4000 	10       	[91.70703125]	[6.22809516] 	[78.]	[117.]	126.342
99       	512/512      	4000 	11       	[91.81835938]	[6.22496665] 	[78.]	[117.]	126.303
100      	512/512      	4000 	6        	[91.89257812]	[6.20343463] 	[78.]	[117.]	127.019
Total elapsed: 12611.742061750032

Summary Grid:
  activity_per_bin: [[[[[[[[[17.  9.]         [ 6.  9.]]         [[11.  5.]         [13.  9.]]]         [[[ 7.  7.]         [ 7.  9.]]         [[ 8. 13.]         [ 7.  9.]]]]         [[[[ 5.  9.]         [ 7.  9.]]         [[ 9.  6.]         [ 7.  6.]]]         [[[ ...
  best: Key: 898 Fitness: (117.0,) Nodes: 	0 SwitchNodeGene(key=0, bias=0.3263231168458495, activation=identity, aggregation=sum, is_switch=False) 	3589 SwitchNodeGene(key=3589, bias=4.503245311304955, activation=sigmoid, aggregation=sum, is_switch=True ...
  best_features: [0, 0, 0, 0, 0, 1, 1, 0, 1]
  best_fitness: (117.0,)
  best_index: (0, 0, 0, 0, 0, 1, 1, 0, 1)
  capacity: 512
  depot: None
  discard_random_on_bin_overload: False
  features: {(0, 0, 0, 0, 0, 0, 0, 0, 0): [[0, 0, 0, 0, 0, 0, 0, 0, 0]], (0, 0, 0, 0, 0, 0, 0, 0, 1): [[0, 0, 0, 0, 0, 0, 0, 0, 1]], (0, 0, 0, 0, 0, 0, 0, 1, 0): [[0, 0, 0, 0, 0, 0, 0, 1, 0]], (0, 0, 0, 0, 0, 0, 0, 1, 1): [[0, 0, 0, 0, 0, 0, 0, 1, 1]], (0,  ...
  features_domain: [(0.0, 1.0), (0.0, 1.0), (0.0, 1.0), (0.0, 1.0), (0.0, 1.0), (0.0, 1.0), (0.0, 1.0), (0.0, 1.0), (0.0, 1.0)]
  features_extrema: ((0, 1), (0, 1), (0, 1), (0, 1), (0, 1), (0, 1), (0, 1), (0, 1), (0, 1))
  filled_bins: 512
  fitness: {(0, 0, 0, 0, 0, 0, 0, 0, 0): [deap.creator.FitnessMax((113.0,))], (0, 0, 0, 0, 0, 0, 0, 0, 1): [deap.creator.FitnessMax((95.0,))], (0, 0, 0, 0, 0, 0, 0, 1, 0): [deap.creator.FitnessMax((103.0,))], (0, 0, 0, 0, 0, 0, 0, 1, 1): [deap.creator.Fitn ...
  fitness_domain: [(0.0, 200.0)]
  fitness_extrema: ((78.0, 117.0),)
  free: 0
  history_recentness_per_bin: {(0, 0, 0, 0, 0, 0, 0, 0, 0): [1, 2, 3, 4, 5, 6, 10, 18, 28, 992, 1466, 1958, 2531, 3458, 3475, 3573, 3782], (0, 0, 0, 0, 0, 0, 0, 0, 1): [400, 402, 536, 1078, 1577, 1592, 1785, 2036, 3964], (0, 0, 0, 0, 0, 0, 0, 1, 0): [658, 740, 1783, 1817, 20 ...
  items: [<deap.creator.Individual object at 0x7f6284627430>, <deap.creator.Individual object at 0x7f6240238e20>, <deap.creator.Individual object at 0x7f62847ac9d0>, <deap.creator.Individual object at 0x7f622096f7c0>, <deap.creator.Individual object at 0 ...
  max_items_per_bin: 1
  name: Grid-140061333827440
  nb_added: 4224
  nb_discarded: 3712
  nb_items_per_bin: [[[[[[[[[1. 1.]         [1. 1.]]         [[1. 1.]         [1. 1.]]]         [[[1. 1.]         [1. 1.]]         [[1. 1.]         [1. 1.]]]]         [[[[1. 1.]         [1. 1.]]         [[1. 1.]         [1. 1.]]]         [[[1. 1.]         [1. 1.]]  ...
  nb_operations: 7936
  nb_rejected: 0
  quality: {(0, 0, 0, 0, 0, 0, 0, 0, 0): deap.creator.FitnessMax((113.0,)), (0, 0, 0, 0, 0, 0, 0, 0, 1): deap.creator.FitnessMax((95.0,)), (0, 0, 0, 0, 0, 0, 0, 1, 0): deap.creator.FitnessMax((103.0,)), (0, 0, 0, 0, 0, 0, 0, 1, 1): deap.creator.FitnessMax( ...
  quality_array: [[[[[[[[[[113.]          [ 95.]]          [[103.]          [104.]]]          [[[ 99.]          [ 97.]]          [[109.]          [ 91.]]]]          [[[[ 92.]          [ 91.]]          [[ 89.]          [ 92.]]]          [[[ 99.]          [117.]]  ...
  recentness: [1743, 1810, 2036, 2123, 2218, 2225, 2227, 2255, 2275, 2306, 2312, 2398, 2407, 2438, 2449, 2493, 2505, 2513, 2541, 2606, 2611, 2612, 2622, 2629, 2656, 2731, 2733, 2774, 2833, 2846, 2850, 2880, 2894, 2904, 2928, 2945, 2950, 2964, 2965, 2968, 2981 ...
  recentness_per_bin: {(0, 0, 0, 0, 0, 0, 0, 0, 0): [3782], (0, 0, 0, 0, 0, 0, 0, 0, 1): [3964], (0, 0, 0, 0, 0, 0, 0, 1, 0): [2219], (0, 0, 0, 0, 0, 0, 0, 1, 1): [3515], (0, 0, 0, 0, 0, 0, 1, 0, 0): [3711], (0, 0, 0, 0, 0, 0, 1, 0, 1): [2256], (0, 0, 0, 0, 0, 0, 1,  ...
  shape: (2, 2, 2, 2, 2, 2, 2, 2, 2)
  size: 512
  solutions: {(0, 0, 0, 0, 0, 0, 0, 0, 0): [<deap.creator.Individual object at 0x7f62844e1b50>], (0, 0, 0, 0, 0, 0, 0, 0, 1): [<deap.creator.Individual object at 0x7f620bd000a0>], (0, 0, 0, 0, 0, 0, 0, 1, 0): [<deap.creator.Individual object at 0x7f62401e1ee ...
Best ever fitness:  (117.0,)
Best ever ind:  Key: 898
Fitness: (117.0,)
Nodes:
	0 SwitchNodeGene(key=0, bias=0.3263231168458495, activation=identity, aggregation=sum, is_switch=False)
	3589 SwitchNodeGene(key=3589, bias=4.503245311304955, activation=sigmoid, aggregation=sum, is_switch=True)
	3590 SwitchNodeGene(key=3590, bias=-0.17839573215733057, activation=identity, aggregation=sum, is_switch=False)
	3591 SwitchNodeGene(key=3591, bias=0.4323271167317143, activation=tanh, aggregation=sum, is_switch=True)
	3592 SwitchNodeGene(key=3592, bias=1.9677211165057336, activation=identity, aggregation=sum, is_switch=False)
	40261 SwitchNodeGene(key=40261, bias=2.338558951365668, activation=identity, aggregation=sum, is_switch=True)
	54404 SwitchNodeGene(key=54404, bias=-0.851092000795416, activation=tanh, aggregation=sum, is_switch=False)
	68725 SwitchNodeGene(key=68725, bias=-0.6478446908706281, activation=sigmoid, aggregation=sum, is_switch=False)
Connections:
	SwitchConnectionGene(key=(-5, 3589), weight=-0.32917365705099133, is_mod=False, enabled=True)
	SwitchConnectionGene(key=(-5, 3590), weight=0.26203167956591356, is_mod=False, enabled=True)
	SwitchConnectionGene(key=(-5, 3591), weight=0.03325637491512265, is_mod=True, enabled=False)
	SwitchConnectionGene(key=(-5, 3592), weight=-2.3106619372966053, is_mod=False, enabled=True)
	SwitchConnectionGene(key=(-5, 54404), weight=2.1840014485834516, is_mod=False, enabled=True)
	SwitchConnectionGene(key=(-4, 3589), weight=0.14659872796827855, is_mod=False, enabled=True)
	SwitchConnectionGene(key=(-4, 3590), weight=-1.4218678354758412, is_mod=False, enabled=True)
	SwitchConnectionGene(key=(-4, 3591), weight=0.5461089611567728, is_mod=True, enabled=True)
	SwitchConnectionGene(key=(-4, 3592), weight=-1.436925262111988, is_mod=False, enabled=True)
	SwitchConnectionGene(key=(-3, 3589), weight=1.7127348028697706, is_mod=False, enabled=True)
	SwitchConnectionGene(key=(-3, 3590), weight=1.0891832601969837, is_mod=False, enabled=True)
	SwitchConnectionGene(key=(-3, 3591), weight=0.36773803783888054, is_mod=True, enabled=True)
	SwitchConnectionGene(key=(-3, 3592), weight=-0.3703123453155417, is_mod=True, enabled=True)
	SwitchConnectionGene(key=(-2, 3589), weight=-1.080547490710844, is_mod=False, enabled=True)
	SwitchConnectionGene(key=(-2, 3590), weight=-1.8026926578086222, is_mod=False, enabled=True)
	SwitchConnectionGene(key=(-2, 3591), weight=-0.604086724235694, is_mod=False, enabled=True)
	SwitchConnectionGene(key=(-2, 3592), weight=0.5205596374292939, is_mod=False, enabled=True)
	SwitchConnectionGene(key=(-2, 54404), weight=0.9675961154181896, is_mod=False, enabled=True)
	SwitchConnectionGene(key=(-1, 3589), weight=0.808552366203501, is_mod=True, enabled=True)
	SwitchConnectionGene(key=(-1, 3590), weight=0.0013359156386382187, is_mod=False, enabled=True)
	SwitchConnectionGene(key=(-1, 3591), weight=-0.2257145076823961, is_mod=True, enabled=True)
	SwitchConnectionGene(key=(-1, 3592), weight=0.09977550904137111, is_mod=False, enabled=True)
	SwitchConnectionGene(key=(3589, 0), weight=-1.6875913596084664, is_mod=False, enabled=True)
	SwitchConnectionGene(key=(3590, 0), weight=-2.0970558396637435, is_mod=False, enabled=False)
	SwitchConnectionGene(key=(3590, 40261), weight=-0.8386148353001548, is_mod=False, enabled=True)
	SwitchConnectionGene(key=(3591, 0), weight=-0.6832931076566988, is_mod=False, enabled=False)
	SwitchConnectionGene(key=(3591, 68725), weight=1.6023155777778575, is_mod=False, enabled=True)
	SwitchConnectionGene(key=(3592, 0), weight=-0.40525593468679505, is_mod=True, enabled=True)
	SwitchConnectionGene(key=(40261, 0), weight=1.5802885471492896, is_mod=True, enabled=True)
	SwitchConnectionGene(key=(40261, 3591), weight=-0.4353054674050974, is_mod=True, enabled=True)
	SwitchConnectionGene(key=(40261, 3592), weight=0.4258976050326389, is_mod=False, enabled=True)
	SwitchConnectionGene(key=(54404, 3591), weight=0.9850285624852873, is_mod=False, enabled=True)
	SwitchConnectionGene(key=(68725, 0), weight=-0.41040345504274467, is_mod=False, enabled=True)
