Seed: 6361628
iteration	containerSize	evals	nbUpdated	avg  	std 	min  	max  	elapsed
0        	1/512        	10000	5        	[70.]	[0.]	[70.]	[70.]	189.269
1        	11/512       	5000 	13       	[73.54545455]	[13.39174533]	[53.]	[107.]	97.4759
2        	494/512      	5000 	1067     	[81.65182186]	[12.85910202]	[34.]	[159.]	115.83 
3        	512/512      	5000 	453      	[89.51953125]	[11.94337263]	[54.]	[159.]	116.473
4        	512/512      	5000 	297      	[95.20507812]	[12.59956184]	[68.]	[163.]	117.098
5        	512/512      	5000 	227      	[99.73632812]	[13.21881681]	[75.]	[163.]	117.65 
6        	512/512      	5000 	206      	[104.02148438]	[13.61645114]	[75.]	[163.]	117.816
7        	512/512      	5000 	183      	[108.29296875]	[14.67646225]	[77.]	[164.]	119.085
8        	512/512      	5000 	164      	[112.18164062]	[15.73002872]	[77.]	[166.]	119    
9        	512/512      	5000 	132      	[115.3203125] 	[16.44827764]	[77.]	[166.]	120.692
10       	512/512      	5000 	122      	[117.77929688]	[16.79553399]	[80.]	[167.]	120.611
11       	512/512      	5000 	96       	[119.97851562]	[17.23509114]	[80.]	[167.]	121.469
12       	512/512      	5000 	100      	[122.32617188]	[17.3600728] 	[87.]	[167.]	122.611
13       	512/512      	5000 	88       	[124.70117188]	[17.86304666]	[87.]	[167.]	122.624
14       	512/512      	5000 	71       	[126.171875]  	[18.5692788] 	[88.]	[178.]	123.416
15       	512/512      	5000 	74       	[127.8046875] 	[18.6815662] 	[88.]	[178.]	124.18 
16       	512/512      	5000 	74       	[129.17382812]	[19.20456943]	[89.]	[180.]	124.33 
17       	512/512      	5000 	65       	[130.4296875] 	[19.27055866]	[89.]	[180.]	124.896
18       	512/512      	5000 	56       	[131.5]       	[19.41306744]	[89.]	[180.]	125.381
19       	512/512      	5000 	42       	[132.3671875] 	[19.59686323]	[89.]	[180.]	125.792
20       	512/512      	5000 	54       	[133.77148438]	[19.98242703]	[89.]	[180.]	126.276
21       	512/512      	5000 	51       	[134.90429688]	[20.04868637]	[89.]	[180.]	127.098
22       	512/512      	5000 	45       	[135.82226562]	[20.01048681]	[89.]	[180.]	128.458
23       	512/512      	5000 	37       	[136.5078125] 	[19.97214705]	[89.]	[180.]	127.726
24       	512/512      	5000 	43       	[137.359375]  	[19.89296923]	[89.]	[181.]	128.062
25       	512/512      	5000 	38       	[138.05859375]	[19.95376698]	[89.]	[183.]	129.768
26       	512/512      	5000 	35       	[138.79492188]	[20.0009505] 	[89.]	[183.]	129.627
27       	512/512      	5000 	38       	[139.62695312]	[20.09118608]	[89.]	[183.]	130.215
28       	512/512      	5000 	42       	[140.53710938]	[20.1485351] 	[93.]	[183.]	131.265
29       	512/512      	5000 	42       	[141.20898438]	[20.29993066]	[93.]	[185.]	132.248
30       	512/512      	5000 	37       	[141.79296875]	[20.30596312]	[93.]	[185.]	132.039
31       	512/512      	5000 	34       	[142.58984375]	[20.1029512] 	[93.]	[185.]	132.564
32       	512/512      	5000 	31       	[143.1015625] 	[19.97550838]	[93.]	[185.]	132.172
33       	512/512      	5000 	32       	[143.59570312]	[20.07472907]	[93.]	[187.]	132.662
34       	512/512      	5000 	28       	[144.07226562]	[20.05462882]	[93.]	[187.]	133.687
35       	512/512      	5000 	21       	[144.4296875] 	[19.97026445]	[93.]	[187.]	135.15 
36       	512/512      	5000 	35       	[145.11132812]	[19.80829284]	[93.]	[187.]	134.717
37       	512/512      	5000 	20       	[145.4609375] 	[19.85224812]	[93.]	[187.]	136.379
38       	512/512      	5000 	22       	[145.93359375]	[19.68391546]	[93.]	[187.]	134.921
39       	512/512      	5000 	22       	[146.4453125] 	[19.5607262] 	[93.]	[187.]	136.342
40       	512/512      	5000 	24       	[146.76367188]	[19.39668163]	[93.]	[187.]	137.781
41       	512/512      	5000 	26       	[147.140625]  	[19.32078478]	[93.]	[187.]	136.323
42       	512/512      	5000 	22       	[147.54492188]	[19.28015935]	[93.]	[187.]	136.846
43       	512/512      	5000 	23       	[147.875]     	[19.21750504]	[101.]	[187.]	136.998
44       	512/512      	5000 	18       	[148.24023438]	[19.19327332]	[101.]	[187.]	137.573
45       	512/512      	5000 	21       	[148.56054688]	[19.18872772]	[101.]	[187.]	139.724
46       	512/512      	5000 	23       	[149.15429688]	[18.87938745]	[106.]	[187.]	139.556
47       	512/512      	5000 	19       	[149.39453125]	[18.77042141]	[106.]	[188.]	140.484
48       	512/512      	5000 	22       	[149.63671875]	[18.75033488]	[106.]	[188.]	139.029
49       	512/512      	5000 	20       	[150.046875]  	[18.56570232]	[106.]	[188.]	139.394
50       	512/512      	5000 	10       	[150.2421875] 	[18.62363506]	[106.]	[188.]	139.776
51       	512/512      	5000 	9        	[150.32226562]	[18.6397711] 	[106.]	[188.]	141.115
52       	512/512      	5000 	21       	[150.7890625] 	[18.58264998]	[108.]	[188.]	141.303
53       	512/512      	5000 	18       	[151.15234375]	[18.40845791]	[108.]	[188.]	141    
54       	512/512      	5000 	14       	[151.3828125] 	[18.47712737]	[108.]	[188.]	141.695
55       	512/512      	5000 	8        	[151.56054688]	[18.44280237]	[108.]	[188.]	143.319
56       	512/512      	5000 	12       	[151.69921875]	[18.41013221]	[108.]	[188.]	140.736
57       	512/512      	5000 	17       	[151.94921875]	[18.33992612]	[108.]	[188.]	142.419
58       	512/512      	5000 	14       	[152.08203125]	[18.25570088]	[109.]	[188.]	142.168
59       	512/512      	5000 	19       	[152.265625]  	[18.31398645]	[109.]	[188.]	142.542
60       	512/512      	5000 	12       	[152.390625]  	[18.29552728]	[109.]	[188.]	144.083
61       	512/512      	5000 	12       	[152.4921875] 	[18.29542553]	[109.]	[188.]	144.463
62       	512/512      	5000 	12       	[152.65039062]	[18.22185436]	[109.]	[188.]	145.397
63       	512/512      	5000 	21       	[152.99414062]	[18.21952627]	[109.]	[188.]	144.675
64       	512/512      	5000 	13       	[153.265625]  	[18.1421188] 	[109.]	[188.]	144.616
65       	512/512      	5000 	12       	[153.4453125] 	[17.98841146]	[109.]	[188.]	144.442
66       	512/512      	5000 	15       	[153.79492188]	[17.94650617]	[109.]	[188.]	146.617
67       	512/512      	5000 	14       	[154.0078125] 	[17.87357778]	[109.]	[188.]	145.904
68       	512/512      	5000 	13       	[154.2421875] 	[17.80909884]	[109.]	[188.]	145.228
69       	512/512      	5000 	7        	[154.29101562]	[17.81105469]	[109.]	[188.]	146.417
70       	512/512      	5000 	13       	[154.45117188]	[17.71457619]	[113.]	[188.]	147.475
71       	512/512      	5000 	9        	[154.54492188]	[17.72428633]	[113.]	[188.]	144.86 
72       	512/512      	5000 	14       	[154.71875]   	[17.59025276]	[113.]	[188.]	147.788
73       	512/512      	5000 	11       	[154.85742188]	[17.54762447]	[113.]	[189.]	147.872
74       	512/512      	5000 	9        	[154.94335938]	[17.45067588]	[114.]	[189.]	146.471
75       	512/512      	5000 	5        	[155.03515625]	[17.44429567]	[114.]	[189.]	147.589
76       	512/512      	5000 	12       	[155.20507812]	[17.47919895]	[114.]	[189.]	147.763
77       	512/512      	5000 	5        	[155.26953125]	[17.41344693]	[114.]	[189.]	145.93 
78       	512/512      	5000 	16       	[155.54882812]	[17.22727099]	[114.]	[189.]	146.625
79       	512/512      	5000 	8        	[155.61523438]	[17.18359053]	[114.]	[189.]	146.659
80       	512/512      	5000 	13       	[155.79296875]	[17.07852125]	[114.]	[189.]	147.331
81       	512/512      	5000 	10       	[155.859375]  	[17.08937187]	[114.]	[189.]	147.064
82       	512/512      	5000 	10       	[156.00390625]	[16.93196359]	[114.]	[189.]	146.778
83       	512/512      	5000 	11       	[156.21679688]	[16.91424462]	[114.]	[189.]	147.135
84       	512/512      	5000 	9        	[156.3046875] 	[16.92599175]	[114.]	[189.]	148.134
85       	512/512      	5000 	11       	[156.4453125] 	[16.87537434]	[114.]	[189.]	148.181
86       	512/512      	5000 	8        	[156.57617188]	[16.88813316]	[114.]	[189.]	149.932
87       	512/512      	5000 	12       	[156.75585938]	[16.81427049]	[114.]	[189.]	149.127
88       	512/512      	5000 	6        	[156.79101562]	[16.81032971]	[114.]	[189.]	148.278
89       	512/512      	5000 	7        	[156.8671875] 	[16.82347276]	[114.]	[189.]	148.612
90       	512/512      	5000 	7        	[156.91210938]	[16.82359328]	[114.]	[189.]	148.962
91       	512/512      	5000 	10       	[156.98046875]	[16.78935469]	[114.]	[189.]	149.457
92       	512/512      	5000 	7        	[157.05664062]	[16.788398]  	[114.]	[189.]	148.49 
93       	512/512      	5000 	5        	[157.0859375] 	[16.79182155]	[114.]	[189.]	150.097
94       	512/512      	5000 	12       	[157.37695312]	[16.5267449] 	[114.]	[189.]	146.946
95       	512/512      	5000 	6        	[157.43164062]	[16.54218137]	[114.]	[190.]	147.699
96       	512/512      	5000 	4        	[157.47851562]	[16.51513059]	[114.]	[190.]	149.336
97       	512/512      	5000 	10       	[157.6328125] 	[16.43945858]	[114.]	[190.]	147.05 
98       	512/512      	5000 	9        	[157.7421875] 	[16.3697492] 	[114.]	[190.]	148.944
99       	512/512      	5000 	13       	[157.90429688]	[16.24172329]	[114.]	[190.]	148.841
100      	512/512      	5000 	9        	[157.984375]  	[16.23977292]	[114.]	[190.]	148.627
Total elapsed: 13933.124124281108

Summary Grid:
  activity_per_bin: [[[[[[[[[14. 13.]         [ 8.  8.]]         [[ 8. 10.]         [10. 14.]]]         [[[10.  8.]         [ 8.  9.]]         [[12. 11.]         [ 7.  4.]]]]         [[[[11. 15.]         [ 8.  9.]]         [[10. 12.]         [ 8. 15.]]]         [[[ ...
  best: Key: 151 Fitness: (190.0,) Nodes: 	0 SwitchNodeGene(key=0, bias=0.8270750324041538, activation=identity, aggregation=sum, is_switch=False) 	301 SwitchNodeGene(key=301, bias=7.148587587833198, activation=sigmoid, aggregation=sum, is_switch=True)  ...
  best_features: [1, 0, 1, 0, 1, 0, 1, 0, 0]
  best_fitness: (190.0,)
  best_index: (1, 0, 1, 0, 1, 0, 1, 0, 0)
  capacity: 512
  depot: None
  discard_random_on_bin_overload: False
  features: {(0, 0, 0, 0, 0, 0, 0, 0, 0): [[0, 0, 0, 0, 0, 0, 0, 0, 0]], (0, 0, 0, 0, 0, 0, 0, 0, 1): [[0, 0, 0, 0, 0, 0, 0, 0, 1]], (0, 0, 0, 0, 0, 0, 0, 1, 0): [[0, 0, 0, 0, 0, 0, 0, 1, 0]], (0, 0, 0, 0, 0, 0, 0, 1, 1): [[0, 0, 0, 0, 0, 0, 0, 1, 1]], (0,  ...
  features_domain: [(0.0, 1.0), (0.0, 1.0), (0.0, 1.0), (0.0, 1.0), (0.0, 1.0), (0.0, 1.0), (0.0, 1.0), (0.0, 1.0), (0.0, 1.0)]
  features_extrema: ((0, 1), (0, 1), (0, 1), (0, 1), (0, 1), (0, 1), (0, 1), (0, 1), (0, 1))
  filled_bins: 512
  fitness: {(0, 0, 0, 0, 0, 0, 0, 0, 0): [deap.creator.FitnessMax((168.0,))], (0, 0, 0, 0, 0, 0, 0, 0, 1): [deap.creator.FitnessMax((169.0,))], (0, 0, 0, 0, 0, 0, 0, 1, 0): [deap.creator.FitnessMax((151.0,))], (0, 0, 0, 0, 0, 0, 0, 1, 1): [deap.creator.Fit ...
  fitness_domain: [(0.0, 200.0)]
  fitness_extrema: ((114.0, 190.0),)
  free: 0
  history_recentness_per_bin: {(0, 0, 0, 0, 0, 0, 0, 0, 0): [1, 2, 3, 4, 5, 6, 8, 130, 851, 1046, 2287, 3175, 3347, 3595], (0, 0, 0, 0, 0, 0, 0, 0, 1): [578, 862, 939, 1411, 1554, 1644, 2053, 2195, 2976, 3388, 3463, 4058, 4453], (0, 0, 0, 0, 0, 0, 0, 1, 0): [346, 700, 1419,  ...
  items: [<deap.creator.Individual object at 0x7fad4c2df8e0>, <deap.creator.Individual object at 0x7fad4c330310>, <deap.creator.Individual object at 0x7fad0cc33d00>, <deap.creator.Individual object at 0x7fad74249ac0>, <deap.creator.Individual object at 0 ...
  max_items_per_bin: 1
  name: Grid-140383006142368
  nb_added: 5024
  nb_discarded: 4512
  nb_items_per_bin: [[[[[[[[[1. 1.]         [1. 1.]]         [[1. 1.]         [1. 1.]]]         [[[1. 1.]         [1. 1.]]         [[1. 1.]         [1. 1.]]]]         [[[[1. 1.]         [1. 1.]]         [[1. 1.]         [1. 1.]]]         [[[1. 1.]         [1. 1.]]  ...
  nb_operations: 9536
  nb_rejected: 0
  quality: {(0, 0, 0, 0, 0, 0, 0, 0, 0): deap.creator.FitnessMax((168.0,)), (0, 0, 0, 0, 0, 0, 0, 0, 1): deap.creator.FitnessMax((169.0,)), (0, 0, 0, 0, 0, 0, 0, 1, 0): deap.creator.FitnessMax((151.0,)), (0, 0, 0, 0, 0, 0, 0, 1, 1): deap.creator.FitnessMax ...
  quality_array: [[[[[[[[[[168.]          [169.]]          [[151.]          [148.]]]          [[[169.]          [176.]]          [[168.]          [168.]]]]          [[[[146.]          [138.]]          [[136.]          [133.]]]          [[[157.]          [157.]]  ...
  recentness: [1988, 2391, 2541, 2617, 2650, 2710, 2731, 2754, 2940, 3109, 3217, 3230, 3250, 3283, 3320, 3330, 3388, 3395, 3399, 3438, 3517, 3520, 3557, 3558, 3572, 3580, 3594, 3611, 3628, 3637, 3639, 3682, 3699, 3701, 3727, 3734, 3737, 3744, 3765, 3774, 3783 ...
  recentness_per_bin: {(0, 0, 0, 0, 0, 0, 0, 0, 0): [3595], (0, 0, 0, 0, 0, 0, 0, 0, 1): [4453], (0, 0, 0, 0, 0, 0, 0, 1, 0): [3439], (0, 0, 0, 0, 0, 0, 0, 1, 1): [4771], (0, 0, 0, 0, 0, 0, 1, 0, 0): [4060], (0, 0, 0, 0, 0, 0, 1, 0, 1): [4463], (0, 0, 0, 0, 0, 0, 1,  ...
  shape: (2, 2, 2, 2, 2, 2, 2, 2, 2)
  size: 512
  solutions: {(0, 0, 0, 0, 0, 0, 0, 0, 0): [<deap.creator.Individual object at 0x7fad740e8370>], (0, 0, 0, 0, 0, 0, 0, 0, 1): [<deap.creator.Individual object at 0x7fad0ce294f0>], (0, 0, 0, 0, 0, 0, 0, 1, 0): [<deap.creator.Individual object at 0x7fad0cb9b31 ...
Best ever fitness:  (190.0,)
Best ever ind:  Key: 151
Fitness: (190.0,)
Nodes:
	0 SwitchNodeGene(key=0, bias=0.8270750324041538, activation=identity, aggregation=sum, is_switch=False)
	301 SwitchNodeGene(key=301, bias=7.148587587833198, activation=sigmoid, aggregation=sum, is_switch=True)
	302 SwitchNodeGene(key=302, bias=-0.6914401278750479, activation=sigmoid, aggregation=sum, is_switch=True)
Connections:
	SwitchConnectionGene(key=(-4, 301), weight=0.636845412412939, is_mod=True, enabled=True)
	SwitchConnectionGene(key=(-4, 302), weight=-2.440573423221472, is_mod=True, enabled=True)
	SwitchConnectionGene(key=(-3, 301), weight=-0.7968294687029994, is_mod=False, enabled=True)
	SwitchConnectionGene(key=(-3, 302), weight=6.305353792564733, is_mod=False, enabled=True)
	SwitchConnectionGene(key=(-2, 301), weight=-2.031351363472793, is_mod=False, enabled=True)
	SwitchConnectionGene(key=(-2, 302), weight=2.3194382305892627, is_mod=False, enabled=True)
	SwitchConnectionGene(key=(-1, 301), weight=-2.2011977418106516, is_mod=False, enabled=True)
	SwitchConnectionGene(key=(-1, 302), weight=5.711052060975139, is_mod=False, enabled=True)
	SwitchConnectionGene(key=(301, 0), weight=-5.176345531051018, is_mod=False, enabled=True)
	SwitchConnectionGene(key=(301, 302), weight=0.9553602712941595, is_mod=True, enabled=True)
	SwitchConnectionGene(key=(302, 0), weight=-3.004079300412134, is_mod=True, enabled=True)
