Seed: 87572037
iteration	containerSize	evals	nbUpdated	avg  	std 	min  	max  	elapsed
0        	1/512        	10000	2        	[70.]	[0.]	[70.]	[70.]	188.515
1        	3/512        	3000 	5        	[99.33333333]	[25.4863798]	[77.]	[135.]	57.9025
2        	407/512      	3000 	717      	[74.63144963]	[10.99840478]	[32.]	[135.]	63.8265
3        	499/512      	3000 	461      	[80.68136273]	[10.73644335]	[48.]	[135.]	64.6553
4        	511/512      	3000 	301      	[85.69667319]	[11.45961891]	[56.]	[160.]	65.7817
5        	512/512      	3000 	218      	[89.98242188]	[12.15675945]	[59.]	[160.]	65.6796
6        	512/512      	3000 	196      	[94.4140625] 	[12.81526028]	[71.]	[160.]	66.3496
7        	512/512      	3000 	148      	[97.99804688]	[14.30164695]	[72.]	[169.]	66.1903
8        	512/512      	3000 	168      	[102.0546875]	[16.15745696]	[73.]	[169.]	66.8013
9        	512/512      	3000 	136      	[105.54296875]	[16.96463778]	[73.]	[169.]	66.4724
10       	512/512      	3000 	115      	[108.48046875]	[17.65388838]	[73.]	[169.]	67.4106
11       	512/512      	3000 	94       	[111.27929688]	[19.09889254]	[79.]	[169.]	67.9737
12       	512/512      	3000 	90       	[113.63085938]	[19.54348279]	[79.]	[169.]	67.6688
13       	512/512      	3000 	92       	[116.19921875]	[20.37306738]	[80.]	[169.]	68.9972
14       	512/512      	3000 	76       	[117.93359375]	[20.68380548]	[80.]	[169.]	69.1706
15       	512/512      	3000 	90       	[120.05859375]	[20.85825686]	[80.]	[169.]	71.1968
16       	512/512      	3000 	48       	[121.47460938]	[20.98351613]	[80.]	[169.]	70.9515
17       	512/512      	3000 	58       	[123.11523438]	[20.91735043]	[80.]	[169.]	71.2752
18       	512/512      	3000 	60       	[124.44726562]	[21.03775327]	[82.]	[169.]	70.7486
19       	512/512      	3000 	56       	[125.671875]  	[20.97202727]	[84.]	[169.]	69.6845
20       	512/512      	3000 	65       	[127.22265625]	[21.079584]  	[84.]	[169.]	72.0248
21       	512/512      	3000 	52       	[128.77539062]	[21.22246239]	[87.]	[169.]	72.617 
22       	512/512      	3000 	36       	[129.4609375] 	[21.34131203]	[87.]	[169.]	72.8644
23       	512/512      	3000 	47       	[130.70898438]	[21.40356455]	[87.]	[169.]	72.0522
24       	512/512      	3000 	34       	[131.52539062]	[21.35779964]	[93.]	[169.]	73.3034
25       	512/512      	3000 	27       	[131.99414062]	[21.46231174]	[93.]	[169.]	75.4049
26       	512/512      	3000 	31       	[132.52929688]	[21.44294576]	[93.]	[169.]	73.5055
27       	512/512      	3000 	26       	[133.0078125] 	[21.45607653]	[93.]	[169.]	75.0208
28       	512/512      	3000 	28       	[133.64648438]	[21.32830305]	[93.]	[169.]	75.5221
29       	512/512      	3000 	28       	[134.15820312]	[21.30893416]	[93.]	[169.]	73.9948
30       	512/512      	3000 	20       	[134.5078125] 	[21.31781316]	[93.]	[169.]	75.1508
31       	512/512      	3000 	34       	[135.20703125]	[21.31607625]	[93.]	[169.]	75.6023
32       	512/512      	3000 	26       	[135.8359375] 	[21.18686479]	[93.]	[169.]	76.1901
33       	512/512      	3000 	25       	[136.18945312]	[21.09894024]	[93.]	[169.]	76.6556
34       	512/512      	3000 	24       	[136.65234375]	[21.05285931]	[93.]	[169.]	76.599 
35       	512/512      	3000 	36       	[137.484375]  	[20.99394793]	[94.]	[169.]	76.0821
36       	512/512      	3000 	17       	[137.86132812]	[20.90590687]	[94.]	[169.]	78.1053
37       	512/512      	3000 	25       	[138.3125]    	[20.87369008]	[94.]	[169.]	77.5573
38       	512/512      	3000 	21       	[138.68945312]	[20.86487512]	[94.]	[169.]	78.1044
39       	512/512      	3000 	20       	[138.984375]  	[20.83303581]	[94.]	[169.]	77.1701
40       	512/512      	3000 	14       	[139.34960938]	[20.81749283]	[94.]	[169.]	76.5837
41       	512/512      	3000 	24       	[139.70898438]	[20.91125401]	[94.]	[169.]	77.8177
42       	512/512      	3000 	18       	[140.11914062]	[20.80281928]	[94.]	[169.]	80.0456
43       	512/512      	3000 	19       	[140.59179688]	[20.68389723]	[94.]	[169.]	80.1625
44       	512/512      	3000 	14       	[140.90429688]	[20.6252041] 	[94.]	[169.]	77.2111
45       	512/512      	3000 	17       	[141.3125]    	[20.49466394]	[94.]	[169.]	75.7741
46       	512/512      	3000 	17       	[141.61523438]	[20.4312491] 	[94.]	[169.]	79.0779
47       	512/512      	3000 	21       	[141.88476562]	[20.39484277]	[94.]	[169.]	79.6268
48       	512/512      	3000 	18       	[142.07617188]	[20.33806225]	[94.]	[169.]	79.5499
49       	512/512      	3000 	20       	[142.55859375]	[20.16999251]	[94.]	[169.]	77.8219
50       	512/512      	3000 	12       	[142.90625]   	[20.15484491]	[94.]	[169.]	80.0455
51       	512/512      	3000 	12       	[143.04882812]	[20.14506857]	[94.]	[169.]	79.2061
52       	512/512      	3000 	16       	[143.29492188]	[20.11220803]	[94.]	[169.]	80.3796
53       	512/512      	3000 	14       	[143.49609375]	[20.0494502] 	[94.]	[169.]	79.3935
54       	512/512      	3000 	15       	[143.75]      	[20.02722756]	[94.]	[169.]	80.4245
55       	512/512      	3000 	12       	[143.99609375]	[19.88266323]	[94.]	[169.]	79.7128
56       	512/512      	3000 	10       	[144.07226562]	[19.87845519]	[94.]	[169.]	82.7022
57       	512/512      	3000 	13       	[144.34179688]	[19.75500261]	[94.]	[169.]	80.5347
58       	512/512      	3000 	12       	[144.54296875]	[19.74134772]	[94.]	[169.]	79.9722
59       	512/512      	3000 	15       	[144.86328125]	[19.62064192]	[94.]	[169.]	81.9582
60       	512/512      	3000 	16       	[145.02929688]	[19.54085067]	[95.]	[169.]	80.2423
61       	512/512      	3000 	14       	[145.19726562]	[19.46035012]	[99.]	[169.]	81.2451
62       	512/512      	3000 	12       	[145.40234375]	[19.35448093]	[99.]	[169.]	80.0098
63       	512/512      	3000 	13       	[145.6953125] 	[19.21844353]	[99.]	[169.]	82.4451
64       	512/512      	3000 	10       	[145.85546875]	[19.2087273] 	[99.]	[169.]	81.8736
65       	512/512      	3000 	6        	[145.92773438]	[19.21863954]	[99.]	[169.]	83.296 
66       	512/512      	3000 	11       	[146.18164062]	[19.10845421]	[99.]	[169.]	82.7937
67       	512/512      	3000 	14       	[146.55664062]	[19.01656132]	[99.]	[169.]	81.904 
68       	512/512      	3000 	15       	[146.96484375]	[18.8863463] 	[99.]	[169.]	82.3092
69       	512/512      	3000 	14       	[147.20703125]	[18.84393422]	[99.]	[169.]	82.8015
70       	512/512      	3000 	8        	[147.29882812]	[18.83000013]	[99.]	[169.]	83.3594
71       	512/512      	3000 	8        	[147.46875]   	[18.87538803]	[99.]	[169.]	81.9423
72       	512/512      	3000 	9        	[147.64453125]	[18.74579665]	[99.]	[169.]	84.7705
73       	512/512      	3000 	6        	[147.75585938]	[18.71039998]	[99.]	[169.]	84.0353
74       	512/512      	3000 	11       	[147.87304688]	[18.64264831]	[99.]	[169.]	81.9036
75       	512/512      	3000 	9        	[147.96484375]	[18.62528142]	[99.]	[169.]	82.2526
76       	512/512      	3000 	15       	[148.18359375]	[18.46558995]	[99.]	[169.]	81.9968
77       	512/512      	3000 	12       	[148.34375]   	[18.40471131]	[99.]	[169.]	85.3997
78       	512/512      	3000 	14       	[148.50585938]	[18.36713173]	[99.]	[169.]	82.2079
79       	512/512      	3000 	10       	[148.65429688]	[18.3378563] 	[99.]	[169.]	82.916 
80       	512/512      	3000 	6        	[148.72460938]	[18.29629028]	[99.]	[169.]	82.695 
81       	512/512      	3000 	8        	[148.77539062]	[18.28064475]	[99.]	[169.]	80.8331
82       	512/512      	3000 	4        	[148.80664062]	[18.28207036]	[99.]	[169.]	83.3363
83       	512/512      	3000 	10       	[148.91796875]	[18.268321]  	[99.]	[169.]	82.6106
84       	512/512      	3000 	5        	[149.02734375]	[18.1990737] 	[99.]	[169.]	84.9708
85       	512/512      	3000 	11       	[149.15820312]	[18.13362863]	[99.]	[169.]	82.6665
86       	512/512      	3000 	11       	[149.27539062]	[18.09211294]	[99.]	[169.]	82.7804
87       	512/512      	3000 	5        	[149.38476562]	[18.06224055]	[99.]	[169.]	82.5424
88       	512/512      	3000 	9        	[149.55859375]	[17.91092556]	[99.]	[169.]	84.1588
89       	512/512      	3000 	8        	[149.62695312]	[17.85891694]	[99.]	[169.]	82.4598
90       	512/512      	3000 	6        	[149.7265625] 	[17.78966292]	[99.]	[169.]	83.3293
91       	512/512      	3000 	8        	[149.93359375]	[17.63971805]	[99.]	[169.]	82.5295
92       	512/512      	3000 	8        	[150.03515625]	[17.60334259]	[99.]	[169.]	82.0323
93       	512/512      	3000 	6        	[150.1328125] 	[17.54886975]	[99.]	[170.]	85.0347
94       	512/512      	3000 	11       	[150.30078125]	[17.48915287]	[99.]	[170.]	86.0354
95       	512/512      	3000 	5        	[150.375]     	[17.38477693]	[105.]	[170.]	82.7722
96       	512/512      	3000 	9        	[150.5546875] 	[17.26281616]	[105.]	[170.]	84.1873
97       	512/512      	3000 	8        	[150.71484375]	[17.12604737]	[105.]	[170.]	85.3744
98       	512/512      	3000 	11       	[150.8828125] 	[17.03758304]	[105.]	[170.]	85.1919
99       	512/512      	3000 	8        	[150.98632812]	[17.03047041]	[105.]	[170.]	82.9385
100      	512/512      	3000 	4        	[151.109375]  	[16.98355564]	[105.]	[170.]	82.1381
Total elapsed: 7959.3965663397685

Summary Grid:
  activity_per_bin: [[[[[[[[[ 8. 14.]         [ 5. 13.]]         [[11.  9.]         [ 8. 13.]]]         [[[ 5.  7.]         [10.  9.]]         [[10.  9.]         [ 6. 11.]]]]         [[[[ 6.  7.]         [ 6.  6.]]         [[ 9.  7.]         [ 8. 12.]]]         [[[ ...
  best: Key: 82 Fitness: (170.0,) Nodes: 	0 SwitchNodeGene(key=0, bias=2.07338737578341, activation=identity, aggregation=sum, is_switch=False) 	163 SwitchNodeGene(key=163, bias=0.09358093156412514, activation=sigmoid, aggregation=sum, is_switch=True) 	 ...
  best_features: [1, 0, 1, 1, 1, 0, 1, 0, 1]
  best_fitness: (170.0,)
  best_index: (1, 0, 1, 1, 1, 0, 1, 0, 1)
  capacity: 512
  depot: None
  discard_random_on_bin_overload: False
  features: {(0, 0, 0, 0, 0, 0, 0, 0, 0): [[0, 0, 0, 0, 0, 0, 0, 0, 0]], (0, 0, 0, 0, 0, 0, 0, 0, 1): [[0, 0, 0, 0, 0, 0, 0, 0, 1]], (0, 0, 0, 0, 0, 0, 0, 1, 0): [[0, 0, 0, 0, 0, 0, 0, 1, 0]], (0, 0, 0, 0, 0, 0, 0, 1, 1): [[0, 0, 0, 0, 0, 0, 0, 1, 1]], (0,  ...
  features_domain: [(0.0, 1.0), (0.0, 1.0), (0.0, 1.0), (0.0, 1.0), (0.0, 1.0), (0.0, 1.0), (0.0, 1.0), (0.0, 1.0), (0.0, 1.0)]
  features_extrema: ((0, 1), (0, 1), (0, 1), (0, 1), (0, 1), (0, 1), (0, 1), (0, 1), (0, 1))
  filled_bins: 512
  fitness: {(0, 0, 0, 0, 0, 0, 0, 0, 0): [deap.creator.FitnessMax((168.0,))], (0, 0, 0, 0, 0, 0, 0, 0, 1): [deap.creator.FitnessMax((169.0,))], (0, 0, 0, 0, 0, 0, 0, 1, 0): [deap.creator.FitnessMax((131.0,))], (0, 0, 0, 0, 0, 0, 0, 1, 1): [deap.creator.Fit ...
  fitness_domain: [(0.0, 200.0)]
  fitness_extrema: ((105.0, 170.0),)
  free: 0
  history_recentness_per_bin: {(0, 0, 0, 0, 0, 0, 0, 0, 0): [1, 2, 3, 4, 5, 2423, 3511, 3624], (0, 0, 0, 0, 0, 0, 0, 0, 1): [57, 379, 957, 958, 1269, 1897, 2487, 2734, 2891, 3092, 3578, 3805, 3973, 3989], (0, 0, 0, 0, 0, 0, 0, 1, 0): [77, 369, 560, 2623, 4167], (0, 0, 0, 0,  ...
  items: [<deap.creator.Individual object at 0x7f75c46b81f0>, <deap.creator.Individual object at 0x7f75c4338f40>, <deap.creator.Individual object at 0x7f75a47f0760>, <deap.creator.Individual object at 0x7f75646f59a0>, <deap.creator.Individual object at 0 ...
  max_items_per_bin: 1
  name: Grid-140143885397536
  nb_added: 4454
  nb_discarded: 3942
  nb_items_per_bin: [[[[[[[[[1. 1.]         [1. 1.]]         [[1. 1.]         [1. 1.]]]         [[[1. 1.]         [1. 1.]]         [[1. 1.]         [1. 1.]]]]         [[[[1. 1.]         [1. 1.]]         [[1. 1.]         [1. 1.]]]         [[[1. 1.]         [1. 1.]]  ...
  nb_operations: 8396
  nb_rejected: 0
  quality: {(0, 0, 0, 0, 0, 0, 0, 0, 0): deap.creator.FitnessMax((168.0,)), (0, 0, 0, 0, 0, 0, 0, 0, 1): deap.creator.FitnessMax((169.0,)), (0, 0, 0, 0, 0, 0, 0, 1, 0): deap.creator.FitnessMax((131.0,)), (0, 0, 0, 0, 0, 0, 0, 1, 1): deap.creator.FitnessMax ...
  quality_array: [[[[[[[[[[168.]          [169.]]          [[131.]          [167.]]]          [[[166.]          [167.]]          [[151.]          [169.]]]]          [[[[120.]          [143.]]          [[120.]          [157.]]]          [[[169.]          [158.]]  ...
  recentness: [1623, 1739, 1956, 2294, 2315, 2336, 2454, 2514, 2524, 2544, 2572, 2608, 2640, 2689, 2738, 2767, 2775, 2786, 2854, 2889, 2899, 2910, 2945, 2946, 2981, 2989, 3027, 3065, 3080, 3086, 3097, 3113, 3115, 3129, 3135, 3136, 3144, 3146, 3163, 3173, 3179 ...
  recentness_per_bin: {(0, 0, 0, 0, 0, 0, 0, 0, 0): [3624], (0, 0, 0, 0, 0, 0, 0, 0, 1): [3989], (0, 0, 0, 0, 0, 0, 0, 1, 0): [4167], (0, 0, 0, 0, 0, 0, 0, 1, 1): [4391], (0, 0, 0, 0, 0, 0, 1, 0, 0): [4387], (0, 0, 0, 0, 0, 0, 1, 0, 1): [4077], (0, 0, 0, 0, 0, 0, 1,  ...
  shape: (2, 2, 2, 2, 2, 2, 2, 2, 2)
  size: 512
  solutions: {(0, 0, 0, 0, 0, 0, 0, 0, 0): [<deap.creator.Individual object at 0x7f75a47a55b0>], (0, 0, 0, 0, 0, 0, 0, 0, 1): [<deap.creator.Individual object at 0x7f75841ef9a0>], (0, 0, 0, 0, 0, 0, 0, 1, 0): [<deap.creator.Individual object at 0x7f756458919 ...
Best ever fitness:  (170.0,)
Best ever ind:  Key: 82
Fitness: (170.0,)
Nodes:
	0 SwitchNodeGene(key=0, bias=2.07338737578341, activation=identity, aggregation=sum, is_switch=False)
	163 SwitchNodeGene(key=163, bias=0.09358093156412514, activation=sigmoid, aggregation=sum, is_switch=True)
	164 SwitchNodeGene(key=164, bias=-0.22555609177862124, activation=tanh, aggregation=sum, is_switch=True)
	24103 SwitchNodeGene(key=24103, bias=-0.5916116714948141, activation=sigmoid, aggregation=sum, is_switch=False)
	24515 SwitchNodeGene(key=24515, bias=3.7567575246827274, activation=sigmoid, aggregation=sum, is_switch=False)
Connections:
	SwitchConnectionGene(key=(-4, 163), weight=0.3379669680556574, is_mod=True, enabled=True)
	SwitchConnectionGene(key=(-4, 164), weight=2.4446395777853174, is_mod=True, enabled=True)
	SwitchConnectionGene(key=(-3, 163), weight=5.125699434261775, is_mod=False, enabled=True)
	SwitchConnectionGene(key=(-3, 164), weight=3.057723576456656, is_mod=False, enabled=True)
	SwitchConnectionGene(key=(-3, 24103), weight=1.8472146431460996, is_mod=False, enabled=True)
	SwitchConnectionGene(key=(-2, 163), weight=6.996569949452388, is_mod=False, enabled=True)
	SwitchConnectionGene(key=(-2, 164), weight=3.2819755381156774, is_mod=False, enabled=True)
	SwitchConnectionGene(key=(-1, 163), weight=5.689876066610808, is_mod=False, enabled=True)
	SwitchConnectionGene(key=(-1, 164), weight=6.367222926610728, is_mod=False, enabled=True)
	SwitchConnectionGene(key=(163, 0), weight=2.103984726385645, is_mod=True, enabled=True)
	SwitchConnectionGene(key=(164, 0), weight=-2.1243257319983564, is_mod=False, enabled=False)
	SwitchConnectionGene(key=(164, 24103), weight=2.001772680231424, is_mod=False, enabled=True)
	SwitchConnectionGene(key=(164, 24515), weight=-3.793882462404115, is_mod=True, enabled=True)
	SwitchConnectionGene(key=(24103, 0), weight=-0.3951144388588128, is_mod=True, enabled=True)
	SwitchConnectionGene(key=(24515, 0), weight=-1.5579336483358588, is_mod=False, enabled=True)
