Seed: 91514572
iteration	containerSize	evals	nbUpdated	avg  	std 	min  	max  	elapsed
0        	1/512        	10000	4        	[70.]	[0.]	[70.]	[70.]	187.586
1        	5/512        	5000 	5        	[86.4]	[20.08581589]	[60.]	[121.]	96.4166
2        	496/512      	5000 	1012     	[80.75604839]	[12.98646021]	[11.]	[155.]	99.3424
3        	511/512      	5000 	410      	[88.62622309]	[12.44318663]	[51.]	[155.]	101.137
4        	512/512      	5000 	268      	[94.12304688]	[12.7609671] 	[66.]	[155.]	103.971
5        	512/512      	5000 	221      	[99.54101562]	[14.46177199]	[72.]	[165.]	104.8  
6        	512/512      	5000 	189      	[104.45507812]	[16.50774953]	[75.]	[169.]	107.155
7        	512/512      	5000 	199      	[109.4921875] 	[17.90065733]	[79.]	[169.]	109.044
8        	512/512      	5000 	148      	[113.86132812]	[19.03487518]	[79.]	[169.]	111.734
9        	512/512      	5000 	110      	[117.00195312]	[19.61738497]	[79.]	[169.]	111.686
10       	512/512      	5000 	112      	[120.109375]  	[19.81752081]	[79.]	[169.]	113.299
11       	512/512      	5000 	97       	[122.38085938]	[19.80484535]	[79.]	[169.]	113.879
12       	512/512      	5000 	85       	[124.4765625] 	[19.92739354]	[84.]	[169.]	113.927
13       	512/512      	5000 	64       	[126.0859375] 	[19.89220063]	[86.]	[169.]	114.239
14       	512/512      	5000 	75       	[127.3203125] 	[19.75709271]	[86.]	[169.]	114.654
15       	512/512      	5000 	67       	[128.98046875]	[19.63503946]	[91.]	[169.]	114.662
16       	512/512      	5000 	68       	[130.34179688]	[19.77180292]	[91.]	[169.]	114.642
17       	512/512      	5000 	63       	[131.546875]  	[19.59237311]	[91.]	[169.]	115.645
18       	512/512      	5000 	59       	[132.67382812]	[19.50423278]	[91.]	[169.]	116.253
19       	512/512      	5000 	57       	[133.90625]   	[19.44721923]	[91.]	[169.]	116.188
20       	512/512      	5000 	45       	[134.734375]  	[19.44774022]	[91.]	[169.]	118.129
21       	512/512      	5000 	28       	[135.29296875]	[19.35886701]	[91.]	[169.]	116.066
22       	512/512      	5000 	41       	[135.95898438]	[19.46602302]	[91.]	[169.]	117.633
23       	512/512      	5000 	34       	[136.55664062]	[19.38549904]	[91.]	[169.]	117.983
24       	512/512      	5000 	32       	[137.1484375] 	[19.18753658]	[91.]	[169.]	115.985
25       	512/512      	5000 	37       	[137.83789062]	[19.1411056] 	[91.]	[169.]	118.988
26       	512/512      	5000 	39       	[138.5703125] 	[19.01209878]	[94.]	[169.]	118.709
27       	512/512      	5000 	38       	[139.1875]    	[18.90333139]	[94.]	[169.]	119.78 
28       	512/512      	5000 	32       	[139.72070312]	[18.74599231]	[94.]	[169.]	121.593
29       	512/512      	5000 	36       	[140.46875]   	[18.67911078]	[94.]	[169.]	122.389
30       	512/512      	5000 	21       	[140.7421875] 	[18.63894029]	[94.]	[169.]	123.407
31       	512/512      	5000 	34       	[141.3359375] 	[18.63067336]	[94.]	[170.]	125.013
32       	512/512      	5000 	36       	[141.86523438]	[18.40323623]	[103.]	[172.]	124.815
33       	512/512      	5000 	26       	[142.28710938]	[18.34674672]	[103.]	[172.]	130.095
34       	512/512      	5000 	32       	[142.96875]   	[18.03942622]	[103.]	[172.]	127.855
35       	512/512      	5000 	31       	[143.42382812]	[17.97377806]	[103.]	[174.]	129.199
36       	512/512      	5000 	22       	[143.74804688]	[18.01206725]	[103.]	[174.]	132.271
37       	512/512      	5000 	29       	[144.21875]   	[17.97380364]	[103.]	[174.]	133.997
38       	512/512      	5000 	27       	[144.70117188]	[18.06181223]	[103.]	[174.]	131.725
39       	512/512      	5000 	30       	[145.21875]   	[18.11645812]	[103.]	[177.]	135.904
40       	512/512      	5000 	22       	[145.49609375]	[18.0537388] 	[103.]	[177.]	134.26 
41       	512/512      	5000 	27       	[145.82226562]	[18.07054461]	[103.]	[177.]	135.102
42       	512/512      	5000 	30       	[146.29882812]	[17.98150522]	[103.]	[177.]	137.781
43       	512/512      	5000 	21       	[146.66015625]	[17.84760068]	[103.]	[177.]	137.46 
44       	512/512      	5000 	19       	[146.95898438]	[17.76584563]	[103.]	[178.]	136.86 
45       	512/512      	5000 	23       	[147.28515625]	[17.68000985]	[103.]	[179.]	135.932
46       	512/512      	5000 	20       	[147.5703125] 	[17.55657533]	[103.]	[179.]	139.025
47       	512/512      	5000 	22       	[147.93164062]	[17.30170057]	[107.]	[179.]	138.092
48       	512/512      	5000 	16       	[148.16796875]	[17.18110987]	[107.]	[179.]	136.756
49       	512/512      	5000 	9        	[148.34375]   	[17.14662754]	[107.]	[179.]	139.899
50       	512/512      	5000 	11       	[148.52539062]	[17.14663722]	[107.]	[179.]	143.241
51       	512/512      	5000 	18       	[148.80078125]	[17.04919809]	[107.]	[179.]	140.561
52       	512/512      	5000 	10       	[148.96289062]	[16.97828892]	[107.]	[179.]	139.818
53       	512/512      	5000 	11       	[149.12304688]	[16.89797325]	[107.]	[179.]	133.386
54       	512/512      	5000 	14       	[149.28710938]	[16.81417248]	[107.]	[179.]	141.029
55       	512/512      	5000 	10       	[149.46875]   	[16.77746699]	[107.]	[179.]	142.505
56       	512/512      	5000 	8        	[149.57617188]	[16.67550068]	[107.]	[179.]	137.822
57       	512/512      	5000 	16       	[149.78125]   	[16.65079648]	[107.]	[179.]	139.835
58       	512/512      	5000 	17       	[150.0078125] 	[16.48590596]	[108.]	[179.]	137.528
59       	512/512      	5000 	11       	[150.09179688]	[16.46721919]	[108.]	[179.]	140.384
60       	512/512      	5000 	12       	[150.23242188]	[16.4863427] 	[108.]	[179.]	141.765
61       	512/512      	5000 	15       	[150.47265625]	[16.3525381] 	[108.]	[179.]	142.448
62       	512/512      	5000 	10       	[150.58984375]	[16.33940951]	[108.]	[179.]	144.823
63       	512/512      	5000 	17       	[150.83398438]	[16.265911]  	[108.]	[179.]	141.98 
64       	512/512      	5000 	10       	[151.07617188]	[15.945343]  	[108.]	[179.]	144.719
65       	512/512      	5000 	7        	[151.16210938]	[15.91048844]	[108.]	[179.]	145.114
66       	512/512      	5000 	8        	[151.23242188]	[15.87299088]	[108.]	[179.]	143.504
67       	512/512      	5000 	9        	[151.32617188]	[15.87823105]	[108.]	[179.]	146.3  
68       	512/512      	5000 	12       	[151.52539062]	[15.83148995]	[108.]	[179.]	148.389
69       	512/512      	5000 	9        	[151.58789062]	[15.84446158]	[108.]	[179.]	142.326
70       	512/512      	5000 	13       	[151.7578125] 	[15.84359398]	[108.]	[179.]	148.049
71       	512/512      	5000 	11       	[151.92578125]	[15.71096227]	[108.]	[179.]	149.965
72       	512/512      	5000 	13       	[152.1171875] 	[15.59490657]	[108.]	[179.]	148.887
73       	512/512      	5000 	13       	[152.3359375] 	[15.57907117]	[108.]	[179.]	147.135
74       	512/512      	5000 	11       	[152.44726562]	[15.56065352]	[108.]	[179.]	155.107
75       	512/512      	5000 	10       	[152.5859375] 	[15.53311852]	[108.]	[179.]	151.335
76       	512/512      	5000 	5        	[152.640625]  	[15.52894695]	[108.]	[179.]	150.022
77       	512/512      	5000 	8        	[152.765625]  	[15.42660768]	[109.]	[179.]	147.683
78       	512/512      	5000 	7        	[152.83203125]	[15.39629843]	[109.]	[179.]	150.063
79       	512/512      	5000 	12       	[152.93359375]	[15.35235516]	[109.]	[179.]	151.974
80       	512/512      	5000 	7        	[152.9609375] 	[15.37990386]	[109.]	[179.]	147.37 
81       	512/512      	5000 	6        	[153.01953125]	[15.32663918]	[109.]	[179.]	156.387
82       	512/512      	5000 	14       	[153.16601562]	[15.21620799]	[112.]	[179.]	151.978
83       	512/512      	5000 	7        	[153.23828125]	[15.19810135]	[112.]	[179.]	153.138
84       	512/512      	5000 	7        	[153.32226562]	[15.12188928]	[112.]	[179.]	150.286
85       	512/512      	5000 	7        	[153.39257812]	[15.1322356] 	[112.]	[179.]	152.601
86       	512/512      	5000 	6        	[153.56054688]	[15.05252023]	[112.]	[179.]	148.37 
87       	512/512      	5000 	13       	[153.734375]  	[15.01599895]	[112.]	[180.]	154.166
88       	512/512      	5000 	11       	[153.91015625]	[14.92519545]	[112.]	[180.]	152.184
89       	512/512      	5000 	9        	[153.99609375]	[14.88681202]	[112.]	[180.]	151.192
90       	512/512      	5000 	8        	[154.14257812]	[14.82058006]	[112.]	[180.]	156.145
91       	512/512      	5000 	11       	[154.25390625]	[14.72581387]	[112.]	[180.]	154.4  
92       	512/512      	5000 	8        	[154.41796875]	[14.64172086]	[112.]	[180.]	151.447
93       	512/512      	5000 	7        	[154.44921875]	[14.64493031]	[112.]	[180.]	154.59 
94       	512/512      	5000 	7        	[154.51953125]	[14.65753624]	[112.]	[180.]	152.024
95       	512/512      	5000 	11       	[154.68164062]	[14.57772189]	[112.]	[180.]	152.825
96       	512/512      	5000 	6        	[154.79492188]	[14.55830591]	[112.]	[180.]	154.61 
97       	512/512      	5000 	11       	[154.97851562]	[14.46107137]	[112.]	[180.]	157.349
98       	512/512      	5000 	5        	[155.078125]  	[14.45770198]	[112.]	[180.]	155.249
99       	512/512      	5000 	4        	[155.11914062]	[14.47625564]	[112.]	[180.]	157.975
100      	512/512      	5000 	8        	[155.2421875] 	[14.42802508]	[112.]	[181.]	158.005
Total elapsed: 13693.285028371029

Summary Grid:
  activity_per_bin: [[[[[[[[[11.  9.]         [ 9.  7.]]         [[ 8.  6.]         [ 8.  7.]]]         [[[10.  4.]         [ 4.  6.]]         [[ 6. 12.]         [ 8. 10.]]]]         [[[[ 9.  6.]         [ 7.  7.]]         [[10. 10.]         [ 6.  8.]]]         [[[ ...
  best: Key: 149 Fitness: (181.0,) Nodes: 	0 SwitchNodeGene(key=0, bias=-2.627668142350478, activation=identity, aggregation=sum, is_switch=False) 	297 SwitchNodeGene(key=297, bias=2.065007288571949, activation=sigmoid, aggregation=sum, is_switch=True)  ...
  best_features: [1, 0, 1, 0, 1, 0, 1, 0, 0]
  best_fitness: (181.0,)
  best_index: (1, 0, 1, 0, 1, 0, 1, 0, 0)
  capacity: 512
  depot: None
  discard_random_on_bin_overload: False
  features: {(0, 0, 0, 0, 0, 0, 0, 0, 0): [[0, 0, 0, 0, 0, 0, 0, 0, 0]], (0, 0, 0, 0, 0, 0, 0, 0, 1): [[0, 0, 0, 0, 0, 0, 0, 0, 1]], (0, 0, 0, 0, 0, 0, 0, 1, 0): [[0, 0, 0, 0, 0, 0, 0, 1, 0]], (0, 0, 0, 0, 0, 0, 0, 1, 1): [[0, 0, 0, 0, 0, 0, 0, 1, 1]], (0,  ...
  features_domain: [(0.0, 1.0), (0.0, 1.0), (0.0, 1.0), (0.0, 1.0), (0.0, 1.0), (0.0, 1.0), (0.0, 1.0), (0.0, 1.0), (0.0, 1.0)]
  features_extrema: ((0, 1), (0, 1), (0, 1), (0, 1), (0, 1), (0, 1), (0, 1), (0, 1), (0, 1))
  filled_bins: 512
  fitness: {(0, 0, 0, 0, 0, 0, 0, 0, 0): [deap.creator.FitnessMax((169.0,))], (0, 0, 0, 0, 0, 0, 0, 0, 1): [deap.creator.FitnessMax((169.0,))], (0, 0, 0, 0, 0, 0, 0, 1, 0): [deap.creator.FitnessMax((169.0,))], (0, 0, 0, 0, 0, 0, 0, 1, 1): [deap.creator.Fit ...
  fitness_domain: [(0.0, 200.0)]
  fitness_extrema: ((112.0, 181.0),)
  free: 0
  history_recentness_per_bin: {(0, 0, 0, 0, 0, 0, 0, 0, 0): [1, 2, 3, 4, 5, 50, 1766, 1847, 2638, 2798, 3490], (0, 0, 0, 0, 0, 0, 0, 0, 1): [47, 119, 976, 1794, 2805, 2988, 3026, 3394, 4605], (0, 0, 0, 0, 0, 0, 0, 1, 0): [56, 260, 528, 1714, 1751, 2325, 2802, 3333, 3776], (0 ...
  items: [<deap.creator.Individual object at 0x7fb224150220>, <deap.creator.Individual object at 0x7fb206c89fa0>, <deap.creator.Individual object at 0x7fb224395040>, <deap.creator.Individual object at 0x7fb22438ba00>, <deap.creator.Individual object at 0 ...
  max_items_per_bin: 1
  name: Grid-140404651790736
  nb_added: 4683
  nb_discarded: 4171
  nb_items_per_bin: [[[[[[[[[1. 1.]         [1. 1.]]         [[1. 1.]         [1. 1.]]]         [[[1. 1.]         [1. 1.]]         [[1. 1.]         [1. 1.]]]]         [[[[1. 1.]         [1. 1.]]         [[1. 1.]         [1. 1.]]]         [[[1. 1.]         [1. 1.]]  ...
  nb_operations: 8854
  nb_rejected: 0
  quality: {(0, 0, 0, 0, 0, 0, 0, 0, 0): deap.creator.FitnessMax((169.0,)), (0, 0, 0, 0, 0, 0, 0, 0, 1): deap.creator.FitnessMax((169.0,)), (0, 0, 0, 0, 0, 0, 0, 1, 0): deap.creator.FitnessMax((169.0,)), (0, 0, 0, 0, 0, 0, 0, 1, 1): deap.creator.FitnessMax ...
  quality_array: [[[[[[[[[[169.]          [169.]]          [[169.]          [163.]]]          [[[167.]          [169.]]          [[168.]          [169.]]]]          [[[[149.]          [141.]]          [[134.]          [143.]]]          [[[168.]          [168.]]  ...
  recentness: [1515, 1819, 2008, 2017, 2108, 2148, 2150, 2173, 2327, 2520, 2639, 2651, 2701, 2722, 2792, 2796, 2862, 2884, 2897, 2918, 2962, 2990, 3016, 3039, 3054, 3063, 3118, 3128, 3131, 3167, 3176, 3214, 3219, 3221, 3254, 3266, 3267, 3269, 3298, 3320, 3323 ...
  recentness_per_bin: {(0, 0, 0, 0, 0, 0, 0, 0, 0): [3490], (0, 0, 0, 0, 0, 0, 0, 0, 1): [4605], (0, 0, 0, 0, 0, 0, 0, 1, 0): [3776], (0, 0, 0, 0, 0, 0, 0, 1, 1): [3704], (0, 0, 0, 0, 0, 0, 1, 0, 0): [4050], (0, 0, 0, 0, 0, 0, 1, 0, 1): [4182], (0, 0, 0, 0, 0, 0, 1,  ...
  shape: (2, 2, 2, 2, 2, 2, 2, 2, 2)
  size: 512
  solutions: {(0, 0, 0, 0, 0, 0, 0, 0, 0): [<deap.creator.Individual object at 0x7fb2442a3160>], (0, 0, 0, 0, 0, 0, 0, 0, 1): [<deap.creator.Individual object at 0x7fb27c5885e0>], (0, 0, 0, 0, 0, 0, 0, 1, 0): [<deap.creator.Individual object at 0x7fb26412ca3 ...
Best ever fitness:  (181.0,)
Best ever ind:  Key: 149
Fitness: (181.0,)
Nodes:
	0 SwitchNodeGene(key=0, bias=-2.627668142350478, activation=identity, aggregation=sum, is_switch=False)
	297 SwitchNodeGene(key=297, bias=2.065007288571949, activation=sigmoid, aggregation=sum, is_switch=True)
	298 SwitchNodeGene(key=298, bias=-2.3683833167590067, activation=sigmoid, aggregation=sum, is_switch=True)
	44306 SwitchNodeGene(key=44306, bias=-2.49010039864475, activation=sigmoid, aggregation=sum, is_switch=False)
Connections:
	SwitchConnectionGene(key=(-4, 297), weight=5.332134022366137, is_mod=True, enabled=True)
	SwitchConnectionGene(key=(-4, 298), weight=-1.5570644767110862, is_mod=True, enabled=False)
	SwitchConnectionGene(key=(-3, 297), weight=-2.2700955815347315, is_mod=False, enabled=True)
	SwitchConnectionGene(key=(-3, 298), weight=1.2845794315515628, is_mod=False, enabled=True)
	SwitchConnectionGene(key=(-3, 44306), weight=5.7373552991607895, is_mod=False, enabled=True)
	SwitchConnectionGene(key=(-2, 297), weight=-3.1381239675873775, is_mod=False, enabled=True)
	SwitchConnectionGene(key=(-2, 298), weight=4.294608472320071, is_mod=False, enabled=True)
	SwitchConnectionGene(key=(-1, 297), weight=-4.9964651241675755, is_mod=False, enabled=True)
	SwitchConnectionGene(key=(-1, 298), weight=9.125590828419936, is_mod=False, enabled=True)
	SwitchConnectionGene(key=(297, 0), weight=3.979849505966969, is_mod=False, enabled=True)
	SwitchConnectionGene(key=(298, 0), weight=4.140545696836019, is_mod=False, enabled=False)
	SwitchConnectionGene(key=(298, 44306), weight=1.0, is_mod=False, enabled=True)
	SwitchConnectionGene(key=(44306, 0), weight=5.695108449570137, is_mod=False, enabled=True)
